<?xml version="1.0" encoding="UTF-8"?>
<robot generator="Robot 7.2.2 (Python 3.13.2 on win32)" generated="2025-05-03T23:22:31.513449" rpa="false" schemaversion="5">
<suite id="s1" name="Saucedemo Test" source="C:\Users\phrpa\Learn\SauceDemo-UI-Automation\testcases\saucedemo_test.robot">
<kw name="Open Browser To Login Page" owner="common_keywords" type="SETUP">
<kw name="Open Browser" owner="SeleniumLibrary">
<msg time="2025-05-03T23:22:31.951906" level="INFO">Opening browser 'Chrome' to base url 'https://www.saucedemo.com/'.</msg>
<arg>${URL}</arg>
<arg>Chrome</arg>
<arg>options=add_argument("--guest")</arg>
<doc>Opens a new browser instance to the optional ``url``.</doc>
<status status="PASS" start="2025-05-03T23:22:31.951694" elapsed="1.469524"/>
</kw>
<kw name="Maximize Browser Window" owner="SeleniumLibrary">
<doc>Maximizes current browser window.</doc>
<status status="PASS" start="2025-05-03T23:22:33.421543" elapsed="0.034511"/>
</kw>
<kw name="Start Video Recording" owner="ScreenCapLibrary">
<msg time="2025-05-03T23:22:35.554358" level="INFO">Automatically setting a fps of 16.0</msg>
<doc>Starts the recording of a video in the background with the specified ``name``.
The recording can be stopped by calling the `Stop Video Recording` keyword.</doc>
<status status="PASS" start="2025-05-03T23:22:33.456461" elapsed="2.099045"/>
</kw>
<status status="PASS" start="2025-05-03T23:22:31.951156" elapsed="3.604462"/>
</kw>
<test id="s1-t1" name=" T01 Login With Correct Credentials" line="16">
<kw name="Login with ${username} and ${password}" owner="login_page" source_name="Login with ${username} and ${password}">
<kw name="Wait Until Element Is Ready Then Input Text" owner="common_keywords">
<kw name="Wait Until Keyword Succeeds" owner="BuiltIn">
<kw name="Input Text" owner="SeleniumLibrary">
<msg time="2025-05-03T23:22:35.557469" level="INFO">Typing text 'standard_user' into text field 'id:user-name'.</msg>
<arg>${locator}</arg>
<arg>${text}</arg>
<doc>Types the given ``text`` into the text field identified by ``locator``.</doc>
<status status="PASS" start="2025-05-03T23:22:35.557201" elapsed="0.088145"/>
</kw>
<arg>5x</arg>
<arg>2s</arg>
<arg>Input Text</arg>
<arg>${locator}</arg>
<arg>${text}</arg>
<doc>Runs the specified keyword and retries if it fails.</doc>
<status status="PASS" start="2025-05-03T23:22:35.557005" elapsed="0.088487"/>
</kw>
<arg>id:user-name</arg>
<arg>${username}</arg>
<status status="PASS" start="2025-05-03T23:22:35.556729" elapsed="0.088889"/>
</kw>
<kw name="Wait Until Element Is Ready Then Input Text" owner="common_keywords">
<kw name="Wait Until Keyword Succeeds" owner="BuiltIn">
<kw name="Input Text" owner="SeleniumLibrary">
<msg time="2025-05-03T23:22:35.647224" level="INFO">Typing text 'secret_sauce' into text field 'id:password'.</msg>
<arg>${locator}</arg>
<arg>${text}</arg>
<doc>Types the given ``text`` into the text field identified by ``locator``.</doc>
<status status="PASS" start="2025-05-03T23:22:35.646915" elapsed="0.057432"/>
</kw>
<arg>5x</arg>
<arg>2s</arg>
<arg>Input Text</arg>
<arg>${locator}</arg>
<arg>${text}</arg>
<doc>Runs the specified keyword and retries if it fails.</doc>
<status status="PASS" start="2025-05-03T23:22:35.646559" elapsed="0.057886"/>
</kw>
<arg>id:password</arg>
<arg>${password}</arg>
<status status="PASS" start="2025-05-03T23:22:35.645942" elapsed="0.058574"/>
</kw>
<kw name="Click Login Button" owner="login_page">
<kw name="Wait Until Element Is Ready Then Click Element" owner="common_keywords">
<kw name="Wait Until Keyword Succeeds" owner="BuiltIn">
<kw name="Click Element" owner="SeleniumLibrary">
<msg time="2025-05-03T23:22:35.705451" level="INFO">Clicking element 'id:login-button'.</msg>
<arg>${locator}</arg>
<doc>Click the element identified by ``locator``.</doc>
<status status="PASS" start="2025-05-03T23:22:35.705298" elapsed="0.074148"/>
</kw>
<arg>5x</arg>
<arg>2s</arg>
<arg>Click Element</arg>
<arg>${locator}</arg>
<doc>Runs the specified keyword and retries if it fails.</doc>
<status status="PASS" start="2025-05-03T23:22:35.705134" elapsed="0.074413"/>
</kw>
<arg>id:login-button</arg>
<status status="PASS" start="2025-05-03T23:22:35.704932" elapsed="0.074684"/>
</kw>
<status status="PASS" start="2025-05-03T23:22:35.704685" elapsed="0.074979"/>
</kw>
<status status="PASS" start="2025-05-03T23:22:35.556342" elapsed="0.223362"/>
</kw>
<kw name="Login Should Succeed" owner="login_page">
<kw name="Wait Until Page Contains Element Then Verify Element" owner="common_keywords">
<kw name="Wait Until Keyword Succeeds" owner="BuiltIn">
<kw name="Page Should Contain Element" owner="SeleniumLibrary">
<msg time="2025-05-03T23:22:35.789388" level="INFO">Current page contains element 'class:inventory_container'.</msg>
<arg>${expected_locator}</arg>
<doc>Verifies that element ``locator`` is found on the current page.</doc>
<status status="PASS" start="2025-05-03T23:22:35.781001" elapsed="0.008480"/>
</kw>
<arg>5x</arg>
<arg>2s</arg>
<arg>Page Should Contain Element</arg>
<arg>${expected_locator}</arg>
<doc>Runs the specified keyword and retries if it fails.</doc>
<status status="PASS" start="2025-05-03T23:22:35.780803" elapsed="0.008749"/>
</kw>
<arg>class:inventory_container</arg>
<status status="PASS" start="2025-05-03T23:22:35.780457" elapsed="0.009159"/>
</kw>
<status status="PASS" start="2025-05-03T23:22:35.780059" elapsed="0.009604"/>
</kw>
<kw name="Prepare To Next Test" owner="inventory_page">
<kw name="Open Side Menu" owner="inventory_page">
<kw name="Wait Until Element Is Ready Then Click Element" owner="common_keywords">
<kw name="Wait Until Keyword Succeeds" owner="BuiltIn">
<kw name="Click Element" owner="SeleniumLibrary">
<msg time="2025-05-03T23:22:35.791262" level="INFO">Clicking element 'class:bm-burger-button'.</msg>
<arg>${locator}</arg>
<doc>Click the element identified by ``locator``.</doc>
<status status="PASS" start="2025-05-03T23:22:35.790714" elapsed="0.046834"/>
</kw>
<arg>5x</arg>
<arg>2s</arg>
<arg>Click Element</arg>
<arg>${locator}</arg>
<doc>Runs the specified keyword and retries if it fails.</doc>
<status status="PASS" start="2025-05-03T23:22:35.790516" elapsed="0.047161"/>
</kw>
<arg>class:bm-burger-button</arg>
<status status="PASS" start="2025-05-03T23:22:35.790319" elapsed="0.047462"/>
</kw>
<status status="PASS" start="2025-05-03T23:22:35.790150" elapsed="0.047702"/>
</kw>
<kw name="Wait Until Element Is Ready Then Click Element" owner="common_keywords">
<kw name="Wait Until Keyword Succeeds" owner="BuiltIn">
<kw name="Click Element" owner="SeleniumLibrary">
<msg time="2025-05-03T23:22:35.838842" level="INFO">Clicking element 'id:reset_sidebar_link'.</msg>
<msg time="2025-05-03T23:22:35.961656" level="INFO" html="true">&lt;/td&gt;&lt;/tr&gt;&lt;tr&gt;&lt;td colspan="3"&gt;&lt;a href="selenium-screenshot-1.png"&gt;&lt;img src="selenium-screenshot-1.png" width="800px"&gt;&lt;/a&gt;</msg>
<msg time="2025-05-03T23:22:35.961865" level="FAIL">ElementNotInteractableException: Message: element not interactable
  (Session info: chrome=135.0.7049.115)
Stacktrace:
	GetHandleVerifier [0x00007FF72FE5EFA5+77893]
	GetHandleVerifier [0x00007FF72FE5F000+77984]
	(No symbol) [0x00007FF72FC28FEC]
	(No symbol) [0x00007FF72FC80624]
	(No symbol) [0x00007FF72FC72134]
	(No symbol) [0x00007FF72FCA712A]
	(No symbol) [0x00007FF72FC719E6]
	(No symbol) [0x00007FF72FCA7340]
	(No symbol) [0x00007FF72FCCF07F]
	(No symbol) [0x00007FF72FCA6F03]
	(No symbol) [0x00007FF72FC70328]
	(No symbol) [0x00007FF72FC71093]
	GetHandleVerifier [0x00007FF730117B6D+2931725]
	GetHandleVerifier [0x00007FF730112132+2908626]
	GetHandleVerifier [0x00007FF7301300F3+3031443]
	GetHandleVerifier [0x00007FF72FE791EA+184970]
	GetHandleVerifier [0x00007FF72FE8086F+215311]
	GetHandleVerifier [0x00007FF72FE66EC4+110436]
	GetHandleVerifier [0x00007FF72FE67072+110866]
	GetHandleVerifier [0x00007FF72FE4D479+5401]
	BaseThreadInitThunk [0x00007FFF631BE8D7+23]
	RtlUserThreadStart [0x00007FFF647B14FC+44]
</msg>
<arg>${locator}</arg>
<doc>Click the element identified by ``locator``.</doc>
<status status="FAIL" start="2025-05-03T23:22:35.838641" elapsed="0.125855">ElementNotInteractableException: Message: element not interactable
  (Session info: chrome=135.0.7049.115)
Stacktrace:
	GetHandleVerifier [0x00007FF72FE5EFA5+77893]
	GetHandleVerifier [0x00007FF72FE5F000+77984]
	(No symbol) [0x00007FF72FC28FEC]
	(No symbol) [0x00007FF72FC80624]
	(No symbol) [0x00007FF72FC72134]
	(No symbol) [0x00007FF72FCA712A]
	(No symbol) [0x00007FF72FC719E6]
	(No symbol) [0x00007FF72FCA7340]
	(No symbol) [0x00007FF72FCCF07F]
	(No symbol) [0x00007FF72FCA6F03]
	(No symbol) [0x00007FF72FC70328]
	(No symbol) [0x00007FF72FC71093]
	GetHandleVerifier [0x00007FF730117B6D+2931725]
	GetHandleVerifier [0x00007FF730112132+2908626]
	GetHandleVerifier [0x00007FF7301300F3+3031443]
	GetHandleVerifier [0x00007FF72FE791EA+184970]
	GetHandleVerifier [0x00007FF72FE8086F+215311]
	GetHandleVerifier [0x00007FF72FE66EC4+110436]
	GetHandleVerifier [0x00007FF72FE67072+110866]
	GetHandleVerifier [0x00007FF72FE4D479+5401]
	BaseThreadInitThunk [0x00007FFF631BE8D7+23]
	RtlUserThreadStart [0x00007FFF647B14FC+44]
</status>
</kw>
<kw name="Click Element" owner="SeleniumLibrary">
<msg time="2025-05-03T23:22:37.965596" level="INFO">Clicking element 'id:reset_sidebar_link'.</msg>
<arg>${locator}</arg>
<doc>Click the element identified by ``locator``.</doc>
<status status="PASS" start="2025-05-03T23:22:37.965334" elapsed="0.055480"/>
</kw>
<arg>5x</arg>
<arg>2s</arg>
<arg>Click Element</arg>
<arg>${locator}</arg>
<doc>Runs the specified keyword and retries if it fails.</doc>
<status status="PASS" start="2025-05-03T23:22:35.838407" elapsed="2.182519"/>
</kw>
<arg>id:reset_sidebar_link</arg>
<status status="PASS" start="2025-05-03T23:22:35.838056" elapsed="2.182941"/>
</kw>
<kw name="Logout" owner="inventory_page">
<kw name="Wait Until Element Is Ready Then Click Element" owner="common_keywords">
<kw name="Wait Until Keyword Succeeds" owner="BuiltIn">
<kw name="Click Element" owner="SeleniumLibrary">
<msg time="2025-05-03T23:22:38.022110" level="INFO">Clicking element 'id:logout_sidebar_link'.</msg>
<arg>${locator}</arg>
<doc>Click the element identified by ``locator``.</doc>
<status status="PASS" start="2025-05-03T23:22:38.021951" elapsed="0.061494"/>
</kw>
<arg>5x</arg>
<arg>2s</arg>
<arg>Click Element</arg>
<arg>${locator}</arg>
<doc>Runs the specified keyword and retries if it fails.</doc>
<status status="PASS" start="2025-05-03T23:22:38.021773" elapsed="0.061793"/>
</kw>
<arg>id:logout_sidebar_link</arg>
<status status="PASS" start="2025-05-03T23:22:38.021501" elapsed="0.062159"/>
</kw>
<status status="PASS" start="2025-05-03T23:22:38.021197" elapsed="0.062756"/>
</kw>
<status status="PASS" start="2025-05-03T23:22:35.789931" elapsed="2.294104"/>
</kw>
<status status="PASS" start="2025-05-03T23:22:35.555708" elapsed="2.528704"/>
</test>
<test id="s1-t2" name="T02 Login With Incorrect Username" line="21">
<kw name="Login with ${invalidUSERNAME} and ${invalidPASSWORD}" owner="login_page" source_name="Login with ${username} and ${password}">
<kw name="Wait Until Element Is Ready Then Input Text" owner="common_keywords">
<kw name="Wait Until Keyword Succeeds" owner="BuiltIn">
<kw name="Input Text" owner="SeleniumLibrary">
<msg time="2025-05-03T23:22:38.086980" level="INFO">Typing text 'invalid_user' into text field 'id:user-name'.</msg>
<arg>${locator}</arg>
<arg>${text}</arg>
<doc>Types the given ``text`` into the text field identified by ``locator``.</doc>
<status status="PASS" start="2025-05-03T23:22:38.086786" elapsed="0.065790"/>
</kw>
<arg>5x</arg>
<arg>2s</arg>
<arg>Input Text</arg>
<arg>${locator}</arg>
<arg>${text}</arg>
<doc>Runs the specified keyword and retries if it fails.</doc>
<status status="PASS" start="2025-05-03T23:22:38.086539" elapsed="0.066207"/>
</kw>
<arg>id:user-name</arg>
<arg>${username}</arg>
<status status="PASS" start="2025-05-03T23:22:38.086226" elapsed="0.066656"/>
</kw>
<kw name="Wait Until Element Is Ready Then Input Text" owner="common_keywords">
<kw name="Wait Until Keyword Succeeds" owner="BuiltIn">
<kw name="Input Text" owner="SeleniumLibrary">
<msg time="2025-05-03T23:22:38.154257" level="INFO">Typing text 'wrong_password' into text field 'id:password'.</msg>
<arg>${locator}</arg>
<arg>${text}</arg>
<doc>Types the given ``text`` into the text field identified by ``locator``.</doc>
<status status="PASS" start="2025-05-03T23:22:38.153990" elapsed="0.054921"/>
</kw>
<arg>5x</arg>
<arg>2s</arg>
<arg>Input Text</arg>
<arg>${locator}</arg>
<arg>${text}</arg>
<doc>Runs the specified keyword and retries if it fails.</doc>
<status status="PASS" start="2025-05-03T23:22:38.153682" elapsed="0.055392"/>
</kw>
<arg>id:password</arg>
<arg>${password}</arg>
<status status="PASS" start="2025-05-03T23:22:38.153170" elapsed="0.056045"/>
</kw>
<kw name="Click Login Button" owner="login_page">
<kw name="Wait Until Element Is Ready Then Click Element" owner="common_keywords">
<kw name="Wait Until Keyword Succeeds" owner="BuiltIn">
<kw name="Click Element" owner="SeleniumLibrary">
<msg time="2025-05-03T23:22:38.210576" level="INFO">Clicking element 'id:login-button'.</msg>
<arg>${locator}</arg>
<doc>Click the element identified by ``locator``.</doc>
<status status="PASS" start="2025-05-03T23:22:38.210392" elapsed="0.057579"/>
</kw>
<arg>5x</arg>
<arg>2s</arg>
<arg>Click Element</arg>
<arg>${locator}</arg>
<doc>Runs the specified keyword and retries if it fails.</doc>
<status status="PASS" start="2025-05-03T23:22:38.210188" elapsed="0.057927"/>
</kw>
<arg>id:login-button</arg>
<status status="PASS" start="2025-05-03T23:22:38.209894" elapsed="0.058324"/>
</kw>
<status status="PASS" start="2025-05-03T23:22:38.209503" elapsed="0.058787"/>
</kw>
<status status="PASS" start="2025-05-03T23:22:38.085793" elapsed="0.182559"/>
</kw>
<kw name="Login Should Fail" owner="login_page">
<kw name="Wait Until Page Contains Element Then Verify Element" owner="common_keywords">
<kw name="Wait Until Keyword Succeeds" owner="BuiltIn">
<kw name="Page Should Contain Element" owner="SeleniumLibrary">
<msg time="2025-05-03T23:22:38.279097" level="INFO">Current page contains element 'css:[data-test="error"]'.</msg>
<arg>${expected_locator}</arg>
<doc>Verifies that element ``locator`` is found on the current page.</doc>
<status status="PASS" start="2025-05-03T23:22:38.269738" elapsed="0.009451"/>
</kw>
<arg>5x</arg>
<arg>2s</arg>
<arg>Page Should Contain Element</arg>
<arg>${expected_locator}</arg>
<doc>Runs the specified keyword and retries if it fails.</doc>
<status status="PASS" start="2025-05-03T23:22:38.269452" elapsed="0.009809"/>
</kw>
<arg>css:[data-test="error"]</arg>
<status status="PASS" start="2025-05-03T23:22:38.269110" elapsed="0.010217"/>
</kw>
<status status="PASS" start="2025-05-03T23:22:38.268760" elapsed="0.010613"/>
</kw>
<status status="PASS" start="2025-05-03T23:22:38.085101" elapsed="0.194483"/>
</test>
<test id="s1-t3" name="T03 Login With empty filled" line="25">
<kw name="Login with ${EMPTY} and ${EMPTY}" owner="login_page" source_name="Login with ${username} and ${password}">
<kw name="Wait Until Element Is Ready Then Input Text" owner="common_keywords">
<kw name="Wait Until Keyword Succeeds" owner="BuiltIn">
<kw name="Input Text" owner="SeleniumLibrary">
<msg time="2025-05-03T23:22:38.282820" level="INFO">Typing text '' into text field 'id:user-name'.</msg>
<arg>${locator}</arg>
<arg>${text}</arg>
<doc>Types the given ``text`` into the text field identified by ``locator``.</doc>
<status status="PASS" start="2025-05-03T23:22:38.282595" elapsed="0.049217"/>
</kw>
<arg>5x</arg>
<arg>2s</arg>
<arg>Input Text</arg>
<arg>${locator}</arg>
<arg>${text}</arg>
<doc>Runs the specified keyword and retries if it fails.</doc>
<status status="PASS" start="2025-05-03T23:22:38.282346" elapsed="0.049614"/>
</kw>
<arg>id:user-name</arg>
<arg>${username}</arg>
<status status="PASS" start="2025-05-03T23:22:38.281941" elapsed="0.050140"/>
</kw>
<kw name="Wait Until Element Is Ready Then Input Text" owner="common_keywords">
<kw name="Wait Until Keyword Succeeds" owner="BuiltIn">
<kw name="Input Text" owner="SeleniumLibrary">
<msg time="2025-05-03T23:22:38.333331" level="INFO">Typing text '' into text field 'id:password'.</msg>
<arg>${locator}</arg>
<arg>${text}</arg>
<doc>Types the given ``text`` into the text field identified by ``locator``.</doc>
<status status="PASS" start="2025-05-03T23:22:38.333108" elapsed="0.047878"/>
</kw>
<arg>5x</arg>
<arg>2s</arg>
<arg>Input Text</arg>
<arg>${locator}</arg>
<arg>${text}</arg>
<doc>Runs the specified keyword and retries if it fails.</doc>
<status status="PASS" start="2025-05-03T23:22:38.332864" elapsed="0.048226"/>
</kw>
<arg>id:password</arg>
<arg>${password}</arg>
<status status="PASS" start="2025-05-03T23:22:38.332325" elapsed="0.048848"/>
</kw>
<kw name="Click Login Button" owner="login_page">
<kw name="Wait Until Element Is Ready Then Click Element" owner="common_keywords">
<kw name="Wait Until Keyword Succeeds" owner="BuiltIn">
<kw name="Click Element" owner="SeleniumLibrary">
<msg time="2025-05-03T23:22:38.382106" level="INFO">Clicking element 'id:login-button'.</msg>
<arg>${locator}</arg>
<doc>Click the element identified by ``locator``.</doc>
<status status="PASS" start="2025-05-03T23:22:38.381964" elapsed="0.038059"/>
</kw>
<arg>5x</arg>
<arg>2s</arg>
<arg>Click Element</arg>
<arg>${locator}</arg>
<doc>Runs the specified keyword and retries if it fails.</doc>
<status status="PASS" start="2025-05-03T23:22:38.381803" elapsed="0.038339"/>
</kw>
<arg>id:login-button</arg>
<status status="PASS" start="2025-05-03T23:22:38.381612" elapsed="0.038638"/>
</kw>
<status status="PASS" start="2025-05-03T23:22:38.381358" elapsed="0.038960"/>
</kw>
<status status="PASS" start="2025-05-03T23:22:38.280604" elapsed="0.139771"/>
</kw>
<kw name="Click Login Button" owner="login_page">
<kw name="Wait Until Element Is Ready Then Click Element" owner="common_keywords">
<kw name="Wait Until Keyword Succeeds" owner="BuiltIn">
<kw name="Click Element" owner="SeleniumLibrary">
<msg time="2025-05-03T23:22:38.421681" level="INFO">Clicking element 'id:login-button'.</msg>
<arg>${locator}</arg>
<doc>Click the element identified by ``locator``.</doc>
<status status="PASS" start="2025-05-03T23:22:38.421491" elapsed="0.040863"/>
</kw>
<arg>5x</arg>
<arg>2s</arg>
<arg>Click Element</arg>
<arg>${locator}</arg>
<doc>Runs the specified keyword and retries if it fails.</doc>
<status status="PASS" start="2025-05-03T23:22:38.421272" elapsed="0.041204"/>
</kw>
<arg>id:login-button</arg>
<status status="PASS" start="2025-05-03T23:22:38.421007" elapsed="0.041565"/>
</kw>
<status status="PASS" start="2025-05-03T23:22:38.420702" elapsed="0.041937"/>
</kw>
<kw name="Login Should Fail" owner="login_page">
<kw name="Wait Until Page Contains Element Then Verify Element" owner="common_keywords">
<kw name="Wait Until Keyword Succeeds" owner="BuiltIn">
<kw name="Page Should Contain Element" owner="SeleniumLibrary">
<msg time="2025-05-03T23:22:38.468282" level="INFO">Current page contains element 'css:[data-test="error"]'.</msg>
<arg>${expected_locator}</arg>
<doc>Verifies that element ``locator`` is found on the current page.</doc>
<status status="PASS" start="2025-05-03T23:22:38.463766" elapsed="0.004609"/>
</kw>
<arg>5x</arg>
<arg>2s</arg>
<arg>Page Should Contain Element</arg>
<arg>${expected_locator}</arg>
<doc>Runs the specified keyword and retries if it fails.</doc>
<status status="PASS" start="2025-05-03T23:22:38.463602" elapsed="0.004856"/>
</kw>
<arg>css:[data-test="error"]</arg>
<status status="PASS" start="2025-05-03T23:22:38.463359" elapsed="0.005183"/>
</kw>
<status status="PASS" start="2025-05-03T23:22:38.463015" elapsed="0.005588"/>
</kw>
<status status="PASS" start="2025-05-03T23:22:38.280020" elapsed="0.188793"/>
</test>
<test id="s1-t4" name="T04 Side Menu Functionality" line="32">
<kw name="Login with ${username} and ${password}" owner="login_page" source_name="Login with ${username} and ${password}">
<kw name="Wait Until Element Is Ready Then Input Text" owner="common_keywords">
<kw name="Wait Until Keyword Succeeds" owner="BuiltIn">
<kw name="Input Text" owner="SeleniumLibrary">
<msg time="2025-05-03T23:22:38.470923" level="INFO">Typing text 'standard_user' into text field 'id:user-name'.</msg>
<arg>${locator}</arg>
<arg>${text}</arg>
<doc>Types the given ``text`` into the text field identified by ``locator``.</doc>
<status status="PASS" start="2025-05-03T23:22:38.470699" elapsed="0.063413"/>
</kw>
<arg>5x</arg>
<arg>2s</arg>
<arg>Input Text</arg>
<arg>${locator}</arg>
<arg>${text}</arg>
<doc>Runs the specified keyword and retries if it fails.</doc>
<status status="PASS" start="2025-05-03T23:22:38.470427" elapsed="0.063811"/>
</kw>
<arg>id:user-name</arg>
<arg>${username}</arg>
<status status="PASS" start="2025-05-03T23:22:38.470047" elapsed="0.064295"/>
</kw>
<kw name="Wait Until Element Is Ready Then Input Text" owner="common_keywords">
<kw name="Wait Until Keyword Succeeds" owner="BuiltIn">
<kw name="Input Text" owner="SeleniumLibrary">
<msg time="2025-05-03T23:22:38.535567" level="INFO">Typing text 'secret_sauce' into text field 'id:password'.</msg>
<arg>${locator}</arg>
<arg>${text}</arg>
<doc>Types the given ``text`` into the text field identified by ``locator``.</doc>
<status status="PASS" start="2025-05-03T23:22:38.535325" elapsed="0.053922"/>
</kw>
<arg>5x</arg>
<arg>2s</arg>
<arg>Input Text</arg>
<arg>${locator}</arg>
<arg>${text}</arg>
<doc>Runs the specified keyword and retries if it fails.</doc>
<status status="PASS" start="2025-05-03T23:22:38.534964" elapsed="0.054406"/>
</kw>
<arg>id:password</arg>
<arg>${password}</arg>
<status status="PASS" start="2025-05-03T23:22:38.534579" elapsed="0.054895"/>
</kw>
<kw name="Click Login Button" owner="login_page">
<kw name="Wait Until Element Is Ready Then Click Element" owner="common_keywords">
<kw name="Wait Until Keyword Succeeds" owner="BuiltIn">
<kw name="Click Element" owner="SeleniumLibrary">
<msg time="2025-05-03T23:22:38.590718" level="INFO">Clicking element 'id:login-button'.</msg>
<arg>${locator}</arg>
<doc>Click the element identified by ``locator``.</doc>
<status status="PASS" start="2025-05-03T23:22:38.590493" elapsed="0.047407"/>
</kw>
<arg>5x</arg>
<arg>2s</arg>
<arg>Click Element</arg>
<arg>${locator}</arg>
<doc>Runs the specified keyword and retries if it fails.</doc>
<status status="PASS" start="2025-05-03T23:22:38.590272" elapsed="0.047732"/>
</kw>
<arg>id:login-button</arg>
<status status="PASS" start="2025-05-03T23:22:38.589997" elapsed="0.048085"/>
</kw>
<status status="PASS" start="2025-05-03T23:22:38.589686" elapsed="0.048446"/>
</kw>
<status status="PASS" start="2025-05-03T23:22:38.469660" elapsed="0.168519"/>
</kw>
<kw name="Open Side Menu" owner="inventory_page">
<kw name="Wait Until Element Is Ready Then Click Element" owner="common_keywords">
<kw name="Wait Until Keyword Succeeds" owner="BuiltIn">
<kw name="Click Element" owner="SeleniumLibrary">
<msg time="2025-05-03T23:22:38.639521" level="INFO">Clicking element 'class:bm-burger-button'.</msg>
<arg>${locator}</arg>
<doc>Click the element identified by ``locator``.</doc>
<status status="PASS" start="2025-05-03T23:22:38.639318" elapsed="0.036301"/>
</kw>
<arg>5x</arg>
<arg>2s</arg>
<arg>Click Element</arg>
<arg>${locator}</arg>
<doc>Runs the specified keyword and retries if it fails.</doc>
<status status="PASS" start="2025-05-03T23:22:38.639134" elapsed="0.036637"/>
</kw>
<arg>class:bm-burger-button</arg>
<status status="PASS" start="2025-05-03T23:22:38.638877" elapsed="0.037018"/>
</kw>
<status status="PASS" start="2025-05-03T23:22:38.638534" elapsed="0.037443"/>
</kw>
<kw name="Verify Side Menu Is Visible" owner="inventory_page">
<kw name="Wait Until Page Contains Element Then Verify Element" owner="common_keywords">
<kw name="Wait Until Keyword Succeeds" owner="BuiltIn">
<kw name="Page Should Contain Element" owner="SeleniumLibrary">
<msg time="2025-05-03T23:22:38.685531" level="INFO">Current page contains element 'class:bm-menu'.</msg>
<arg>${expected_locator}</arg>
<doc>Verifies that element ``locator`` is found on the current page.</doc>
<status status="PASS" start="2025-05-03T23:22:38.677308" elapsed="0.008536"/>
</kw>
<arg>5x</arg>
<arg>2s</arg>
<arg>Page Should Contain Element</arg>
<arg>${expected_locator}</arg>
<doc>Runs the specified keyword and retries if it fails.</doc>
<status status="PASS" start="2025-05-03T23:22:38.677092" elapsed="0.008895"/>
</kw>
<arg>class:bm-menu</arg>
<status status="PASS" start="2025-05-03T23:22:38.676795" elapsed="0.009303"/>
</kw>
<status status="PASS" start="2025-05-03T23:22:38.676421" elapsed="0.009730"/>
</kw>
<kw name="Close Side Menu" owner="inventory_page">
<kw name="Wait Until Element Is Ready Then Click Element" owner="common_keywords">
<kw name="Wait Until Keyword Succeeds" owner="BuiltIn">
<kw name="Click Element" owner="SeleniumLibrary">
<msg time="2025-05-03T23:22:38.687576" level="INFO">Clicking element 'class:bm-cross-button'.</msg>
<msg time="2025-05-03T23:22:38.808132" level="INFO" html="true">&lt;/td&gt;&lt;/tr&gt;&lt;tr&gt;&lt;td colspan="3"&gt;&lt;a href="selenium-screenshot-2.png"&gt;&lt;img src="selenium-screenshot-2.png" width="800px"&gt;&lt;/a&gt;</msg>
<msg time="2025-05-03T23:22:38.808323" level="FAIL">ElementNotInteractableException: Message: element not interactable
  (Session info: chrome=135.0.7049.115)
Stacktrace:
	GetHandleVerifier [0x00007FF72FE5EFA5+77893]
	GetHandleVerifier [0x00007FF72FE5F000+77984]
	(No symbol) [0x00007FF72FC28FEC]
	(No symbol) [0x00007FF72FC80624]
	(No symbol) [0x00007FF72FC72134]
	(No symbol) [0x00007FF72FCA712A]
	(No symbol) [0x00007FF72FC719E6]
	(No symbol) [0x00007FF72FCA7340]
	(No symbol) [0x00007FF72FCCF07F]
	(No symbol) [0x00007FF72FCA6F03]
	(No symbol) [0x00007FF72FC70328]
	(No symbol) [0x00007FF72FC71093]
	GetHandleVerifier [0x00007FF730117B6D+2931725]
	GetHandleVerifier [0x00007FF730112132+2908626]
	GetHandleVerifier [0x00007FF7301300F3+3031443]
	GetHandleVerifier [0x00007FF72FE791EA+184970]
	GetHandleVerifier [0x00007FF72FE8086F+215311]
	GetHandleVerifier [0x00007FF72FE66EC4+110436]
	GetHandleVerifier [0x00007FF72FE67072+110866]
	GetHandleVerifier [0x00007FF72FE4D479+5401]
	BaseThreadInitThunk [0x00007FFF631BE8D7+23]
	RtlUserThreadStart [0x00007FFF647B14FC+44]
</msg>
<arg>${locator}</arg>
<doc>Click the element identified by ``locator``.</doc>
<status status="FAIL" start="2025-05-03T23:22:38.687407" elapsed="0.121846">ElementNotInteractableException: Message: element not interactable
  (Session info: chrome=135.0.7049.115)
Stacktrace:
	GetHandleVerifier [0x00007FF72FE5EFA5+77893]
	GetHandleVerifier [0x00007FF72FE5F000+77984]
	(No symbol) [0x00007FF72FC28FEC]
	(No symbol) [0x00007FF72FC80624]
	(No symbol) [0x00007FF72FC72134]
	(No symbol) [0x00007FF72FCA712A]
	(No symbol) [0x00007FF72FC719E6]
	(No symbol) [0x00007FF72FCA7340]
	(No symbol) [0x00007FF72FCCF07F]
	(No symbol) [0x00007FF72FCA6F03]
	(No symbol) [0x00007FF72FC70328]
	(No symbol) [0x00007FF72FC71093]
	GetHandleVerifier [0x00007FF730117B6D+2931725]
	GetHandleVerifier [0x00007FF730112132+2908626]
	GetHandleVerifier [0x00007FF7301300F3+3031443]
	GetHandleVerifier [0x00007FF72FE791EA+184970]
	GetHandleVerifier [0x00007FF72FE8086F+215311]
	GetHandleVerifier [0x00007FF72FE66EC4+110436]
	GetHandleVerifier [0x00007FF72FE67072+110866]
	GetHandleVerifier [0x00007FF72FE4D479+5401]
	BaseThreadInitThunk [0x00007FFF631BE8D7+23]
	RtlUserThreadStart [0x00007FFF647B14FC+44]
</status>
</kw>
<kw name="Click Element" owner="SeleniumLibrary">
<msg time="2025-05-03T23:22:40.810059" level="INFO">Clicking element 'class:bm-cross-button'.</msg>
<arg>${locator}</arg>
<doc>Click the element identified by ``locator``.</doc>
<status status="PASS" start="2025-05-03T23:22:40.809749" elapsed="0.040493"/>
</kw>
<arg>5x</arg>
<arg>2s</arg>
<arg>Click Element</arg>
<arg>${locator}</arg>
<doc>Runs the specified keyword and retries if it fails.</doc>
<status status="PASS" start="2025-05-03T23:22:38.687194" elapsed="2.163147"/>
</kw>
<arg>class:bm-cross-button</arg>
<status status="PASS" start="2025-05-03T23:22:38.686912" elapsed="2.163498"/>
</kw>
<status status="PASS" start="2025-05-03T23:22:38.686521" elapsed="2.163939"/>
</kw>
<kw name="Verify Side Menu Is Not Visible" owner="inventory_page">
<kw name="Wait Until Page Is Ready Then Element Should Not Be Visible" owner="common_keywords">
<kw name="Wait Until Keyword Succeeds" owner="BuiltIn">
<kw name="Element Should Not Be Visible" owner="SeleniumLibrary">
<msg time="2025-05-03T23:22:40.968455" level="INFO" html="true">&lt;/td&gt;&lt;/tr&gt;&lt;tr&gt;&lt;td colspan="3"&gt;&lt;a href="selenium-screenshot-3.png"&gt;&lt;img src="selenium-screenshot-3.png" width="800px"&gt;&lt;/a&gt;</msg>
<msg time="2025-05-03T23:22:40.968797" level="FAIL">The element 'class:bm-menu' should not be visible, but it is.</msg>
<arg>${locator}</arg>
<doc>Verifies that the element identified by ``locator`` is NOT visible.</doc>
<status status="FAIL" start="2025-05-03T23:22:40.851880" elapsed="0.117908">The element 'class:bm-menu' should not be visible, but it is.</status>
</kw>
<kw name="Element Should Not Be Visible" owner="SeleniumLibrary">
<msg time="2025-05-03T23:22:42.986793" level="INFO">Element 'class:bm-menu' exists but is not displayed.</msg>
<arg>${locator}</arg>
<doc>Verifies that the element identified by ``locator`` is NOT visible.</doc>
<status status="PASS" start="2025-05-03T23:22:42.970670" elapsed="0.016252"/>
</kw>
<arg>5x</arg>
<arg>2s</arg>
<arg>Element Should Not Be Visible</arg>
<arg>${locator}</arg>
<doc>Runs the specified keyword and retries if it fails.</doc>
<status status="PASS" start="2025-05-03T23:22:40.851280" elapsed="2.135762"/>
</kw>
<arg>class:bm-menu</arg>
<status status="PASS" start="2025-05-03T23:22:40.851058" elapsed="2.136097"/>
</kw>
<status status="PASS" start="2025-05-03T23:22:40.850755" elapsed="2.136482"/>
</kw>
<kw name="Prepare To Next Test" owner="inventory_page">
<kw name="Open Side Menu" owner="inventory_page">
<kw name="Wait Until Element Is Ready Then Click Element" owner="common_keywords">
<kw name="Wait Until Keyword Succeeds" owner="BuiltIn">
<kw name="Click Element" owner="SeleniumLibrary">
<msg time="2025-05-03T23:22:42.989145" level="INFO">Clicking element 'class:bm-burger-button'.</msg>
<arg>${locator}</arg>
<doc>Click the element identified by ``locator``.</doc>
<status status="PASS" start="2025-05-03T23:22:42.988915" elapsed="0.050276"/>
</kw>
<arg>5x</arg>
<arg>2s</arg>
<arg>Click Element</arg>
<arg>${locator}</arg>
<doc>Runs the specified keyword and retries if it fails.</doc>
<status status="PASS" start="2025-05-03T23:22:42.988656" elapsed="0.050640"/>
</kw>
<arg>class:bm-burger-button</arg>
<status status="PASS" start="2025-05-03T23:22:42.988346" elapsed="0.051033"/>
</kw>
<status status="PASS" start="2025-05-03T23:22:42.988046" elapsed="0.051401"/>
</kw>
<kw name="Wait Until Element Is Ready Then Click Element" owner="common_keywords">
<kw name="Wait Until Keyword Succeeds" owner="BuiltIn">
<kw name="Click Element" owner="SeleniumLibrary">
<msg time="2025-05-03T23:22:43.040262" level="INFO">Clicking element 'id:reset_sidebar_link'.</msg>
<msg time="2025-05-03T23:22:43.197598" level="INFO" html="true">&lt;/td&gt;&lt;/tr&gt;&lt;tr&gt;&lt;td colspan="3"&gt;&lt;a href="selenium-screenshot-4.png"&gt;&lt;img src="selenium-screenshot-4.png" width="800px"&gt;&lt;/a&gt;</msg>
<msg time="2025-05-03T23:22:43.197834" level="FAIL">ElementNotInteractableException: Message: element not interactable
  (Session info: chrome=135.0.7049.115)
Stacktrace:
	GetHandleVerifier [0x00007FF72FE5EFA5+77893]
	GetHandleVerifier [0x00007FF72FE5F000+77984]
	(No symbol) [0x00007FF72FC28FEC]
	(No symbol) [0x00007FF72FC80624]
	(No symbol) [0x00007FF72FC72134]
	(No symbol) [0x00007FF72FCA712A]
	(No symbol) [0x00007FF72FC719E6]
	(No symbol) [0x00007FF72FCA7340]
	(No symbol) [0x00007FF72FCCF07F]
	(No symbol) [0x00007FF72FCA6F03]
	(No symbol) [0x00007FF72FC70328]
	(No symbol) [0x00007FF72FC71093]
	GetHandleVerifier [0x00007FF730117B6D+2931725]
	GetHandleVerifier [0x00007FF730112132+2908626]
	GetHandleVerifier [0x00007FF7301300F3+3031443]
	GetHandleVerifier [0x00007FF72FE791EA+184970]
	GetHandleVerifier [0x00007FF72FE8086F+215311]
	GetHandleVerifier [0x00007FF72FE66EC4+110436]
	GetHandleVerifier [0x00007FF72FE67072+110866]
	GetHandleVerifier [0x00007FF72FE4D479+5401]
	BaseThreadInitThunk [0x00007FFF631BE8D7+23]
	RtlUserThreadStart [0x00007FFF647B14FC+44]
</msg>
<arg>${locator}</arg>
<doc>Click the element identified by ``locator``.</doc>
<status status="FAIL" start="2025-05-03T23:22:43.040098" elapsed="0.159211">ElementNotInteractableException: Message: element not interactable
  (Session info: chrome=135.0.7049.115)
Stacktrace:
	GetHandleVerifier [0x00007FF72FE5EFA5+77893]
	GetHandleVerifier [0x00007FF72FE5F000+77984]
	(No symbol) [0x00007FF72FC28FEC]
	(No symbol) [0x00007FF72FC80624]
	(No symbol) [0x00007FF72FC72134]
	(No symbol) [0x00007FF72FCA712A]
	(No symbol) [0x00007FF72FC719E6]
	(No symbol) [0x00007FF72FCA7340]
	(No symbol) [0x00007FF72FCCF07F]
	(No symbol) [0x00007FF72FCA6F03]
	(No symbol) [0x00007FF72FC70328]
	(No symbol) [0x00007FF72FC71093]
	GetHandleVerifier [0x00007FF730117B6D+2931725]
	GetHandleVerifier [0x00007FF730112132+2908626]
	GetHandleVerifier [0x00007FF7301300F3+3031443]
	GetHandleVerifier [0x00007FF72FE791EA+184970]
	GetHandleVerifier [0x00007FF72FE8086F+215311]
	GetHandleVerifier [0x00007FF72FE66EC4+110436]
	GetHandleVerifier [0x00007FF72FE67072+110866]
	GetHandleVerifier [0x00007FF72FE4D479+5401]
	BaseThreadInitThunk [0x00007FFF631BE8D7+23]
	RtlUserThreadStart [0x00007FFF647B14FC+44]
</status>
</kw>
<kw name="Click Element" owner="SeleniumLibrary">
<msg time="2025-05-03T23:22:45.200441" level="INFO">Clicking element 'id:reset_sidebar_link'.</msg>
<arg>${locator}</arg>
<doc>Click the element identified by ``locator``.</doc>
<status status="PASS" start="2025-05-03T23:22:45.200127" elapsed="0.040993"/>
</kw>
<arg>5x</arg>
<arg>2s</arg>
<arg>Click Element</arg>
<arg>${locator}</arg>
<doc>Runs the specified keyword and retries if it fails.</doc>
<status status="PASS" start="2025-05-03T23:22:43.039933" elapsed="2.201404"/>
</kw>
<arg>id:reset_sidebar_link</arg>
<status status="PASS" start="2025-05-03T23:22:43.039648" elapsed="2.201800"/>
</kw>
<kw name="Logout" owner="inventory_page">
<kw name="Wait Until Element Is Ready Then Click Element" owner="common_keywords">
<kw name="Wait Until Keyword Succeeds" owner="BuiltIn">
<kw name="Click Element" owner="SeleniumLibrary">
<msg time="2025-05-03T23:22:45.242622" level="INFO">Clicking element 'id:logout_sidebar_link'.</msg>
<arg>${locator}</arg>
<doc>Click the element identified by ``locator``.</doc>
<status status="PASS" start="2025-05-03T23:22:45.242474" elapsed="0.044904"/>
</kw>
<arg>5x</arg>
<arg>2s</arg>
<arg>Click Element</arg>
<arg>${locator}</arg>
<doc>Runs the specified keyword and retries if it fails.</doc>
<status status="PASS" start="2025-05-03T23:22:45.242311" elapsed="0.045167"/>
</kw>
<arg>id:logout_sidebar_link</arg>
<status status="PASS" start="2025-05-03T23:22:45.242111" elapsed="0.045438"/>
</kw>
<status status="PASS" start="2025-05-03T23:22:45.241779" elapsed="0.045818"/>
</kw>
<status status="PASS" start="2025-05-03T23:22:42.987672" elapsed="2.299986"/>
</kw>
<status status="PASS" start="2025-05-03T23:22:38.469236" elapsed="6.818682"/>
</test>
<test id="s1-t5" name="T05 Logout Function" line="40">
<kw name="Login with ${username} and ${password}" owner="login_page" source_name="Login with ${username} and ${password}">
<kw name="Wait Until Element Is Ready Then Input Text" owner="common_keywords">
<kw name="Wait Until Keyword Succeeds" owner="BuiltIn">
<kw name="Input Text" owner="SeleniumLibrary">
<msg time="2025-05-03T23:22:45.289756" level="INFO">Typing text 'standard_user' into text field 'id:user-name'.</msg>
<arg>${locator}</arg>
<arg>${text}</arg>
<doc>Types the given ``text`` into the text field identified by ``locator``.</doc>
<status status="PASS" start="2025-05-03T23:22:45.289508" elapsed="0.071190"/>
</kw>
<arg>5x</arg>
<arg>2s</arg>
<arg>Input Text</arg>
<arg>${locator}</arg>
<arg>${text}</arg>
<doc>Runs the specified keyword and retries if it fails.</doc>
<status status="PASS" start="2025-05-03T23:22:45.289294" elapsed="0.071527"/>
</kw>
<arg>id:user-name</arg>
<arg>${username}</arg>
<status status="PASS" start="2025-05-03T23:22:45.289032" elapsed="0.071888"/>
</kw>
<kw name="Wait Until Element Is Ready Then Input Text" owner="common_keywords">
<kw name="Wait Until Keyword Succeeds" owner="BuiltIn">
<kw name="Input Text" owner="SeleniumLibrary">
<msg time="2025-05-03T23:22:45.362036" level="INFO">Typing text 'secret_sauce' into text field 'id:password'.</msg>
<arg>${locator}</arg>
<arg>${text}</arg>
<doc>Types the given ``text`` into the text field identified by ``locator``.</doc>
<status status="PASS" start="2025-05-03T23:22:45.361760" elapsed="0.055084"/>
</kw>
<arg>5x</arg>
<arg>2s</arg>
<arg>Input Text</arg>
<arg>${locator}</arg>
<arg>${text}</arg>
<doc>Runs the specified keyword and retries if it fails.</doc>
<status status="PASS" start="2025-05-03T23:22:45.361537" elapsed="0.055426"/>
</kw>
<arg>id:password</arg>
<arg>${password}</arg>
<status status="PASS" start="2025-05-03T23:22:45.361151" elapsed="0.055906"/>
</kw>
<kw name="Click Login Button" owner="login_page">
<kw name="Wait Until Element Is Ready Then Click Element" owner="common_keywords">
<kw name="Wait Until Keyword Succeeds" owner="BuiltIn">
<kw name="Click Element" owner="SeleniumLibrary">
<msg time="2025-05-03T23:22:45.418290" level="INFO">Clicking element 'id:login-button'.</msg>
<arg>${locator}</arg>
<doc>Click the element identified by ``locator``.</doc>
<status status="PASS" start="2025-05-03T23:22:45.418088" elapsed="0.044658"/>
</kw>
<arg>5x</arg>
<arg>2s</arg>
<arg>Click Element</arg>
<arg>${locator}</arg>
<doc>Runs the specified keyword and retries if it fails.</doc>
<status status="PASS" start="2025-05-03T23:22:45.417870" elapsed="0.044982"/>
</kw>
<arg>id:login-button</arg>
<status status="PASS" start="2025-05-03T23:22:45.417593" elapsed="0.045365"/>
</kw>
<status status="PASS" start="2025-05-03T23:22:45.417275" elapsed="0.045736"/>
</kw>
<status status="PASS" start="2025-05-03T23:22:45.288758" elapsed="0.174293"/>
</kw>
<kw name="Open Side Menu" owner="inventory_page">
<kw name="Wait Until Element Is Ready Then Click Element" owner="common_keywords">
<kw name="Wait Until Keyword Succeeds" owner="BuiltIn">
<kw name="Click Element" owner="SeleniumLibrary">
<msg time="2025-05-03T23:22:45.464732" level="INFO">Clicking element 'class:bm-burger-button'.</msg>
<arg>${locator}</arg>
<doc>Click the element identified by ``locator``.</doc>
<status status="PASS" start="2025-05-03T23:22:45.464082" elapsed="0.042916"/>
</kw>
<arg>5x</arg>
<arg>2s</arg>
<arg>Click Element</arg>
<arg>${locator}</arg>
<doc>Runs the specified keyword and retries if it fails.</doc>
<status status="PASS" start="2025-05-03T23:22:45.463902" elapsed="0.043207"/>
</kw>
<arg>class:bm-burger-button</arg>
<status status="PASS" start="2025-05-03T23:22:45.463677" elapsed="0.043506"/>
</kw>
<status status="PASS" start="2025-05-03T23:22:45.463363" elapsed="0.043870"/>
</kw>
<kw name="Logout" owner="inventory_page">
<kw name="Wait Until Element Is Ready Then Click Element" owner="common_keywords">
<kw name="Wait Until Keyword Succeeds" owner="BuiltIn">
<kw name="Click Element" owner="SeleniumLibrary">
<msg time="2025-05-03T23:22:45.509358" level="INFO">Clicking element 'id:logout_sidebar_link'.</msg>
<msg time="2025-05-03T23:22:45.629773" level="INFO" html="true">&lt;/td&gt;&lt;/tr&gt;&lt;tr&gt;&lt;td colspan="3"&gt;&lt;a href="selenium-screenshot-5.png"&gt;&lt;img src="selenium-screenshot-5.png" width="800px"&gt;&lt;/a&gt;</msg>
<msg time="2025-05-03T23:22:45.629948" level="FAIL">ElementNotInteractableException: Message: element not interactable
  (Session info: chrome=135.0.7049.115)
Stacktrace:
	GetHandleVerifier [0x00007FF72FE5EFA5+77893]
	GetHandleVerifier [0x00007FF72FE5F000+77984]
	(No symbol) [0x00007FF72FC28FEC]
	(No symbol) [0x00007FF72FC80624]
	(No symbol) [0x00007FF72FC72134]
	(No symbol) [0x00007FF72FCA712A]
	(No symbol) [0x00007FF72FC719E6]
	(No symbol) [0x00007FF72FCA7340]
	(No symbol) [0x00007FF72FCCF07F]
	(No symbol) [0x00007FF72FCA6F03]
	(No symbol) [0x00007FF72FC70328]
	(No symbol) [0x00007FF72FC71093]
	GetHandleVerifier [0x00007FF730117B6D+2931725]
	GetHandleVerifier [0x00007FF730112132+2908626]
	GetHandleVerifier [0x00007FF7301300F3+3031443]
	GetHandleVerifier [0x00007FF72FE791EA+184970]
	GetHandleVerifier [0x00007FF72FE8086F+215311]
	GetHandleVerifier [0x00007FF72FE66EC4+110436]
	GetHandleVerifier [0x00007FF72FE67072+110866]
	GetHandleVerifier [0x00007FF72FE4D479+5401]
	BaseThreadInitThunk [0x00007FFF631BE8D7+23]
	RtlUserThreadStart [0x00007FFF647B14FC+44]
</msg>
<arg>${locator}</arg>
<doc>Click the element identified by ``locator``.</doc>
<status status="FAIL" start="2025-05-03T23:22:45.509082" elapsed="0.121860">ElementNotInteractableException: Message: element not interactable
  (Session info: chrome=135.0.7049.115)
Stacktrace:
	GetHandleVerifier [0x00007FF72FE5EFA5+77893]
	GetHandleVerifier [0x00007FF72FE5F000+77984]
	(No symbol) [0x00007FF72FC28FEC]
	(No symbol) [0x00007FF72FC80624]
	(No symbol) [0x00007FF72FC72134]
	(No symbol) [0x00007FF72FCA712A]
	(No symbol) [0x00007FF72FC719E6]
	(No symbol) [0x00007FF72FCA7340]
	(No symbol) [0x00007FF72FCCF07F]
	(No symbol) [0x00007FF72FCA6F03]
	(No symbol) [0x00007FF72FC70328]
	(No symbol) [0x00007FF72FC71093]
	GetHandleVerifier [0x00007FF730117B6D+2931725]
	GetHandleVerifier [0x00007FF730112132+2908626]
	GetHandleVerifier [0x00007FF7301300F3+3031443]
	GetHandleVerifier [0x00007FF72FE791EA+184970]
	GetHandleVerifier [0x00007FF72FE8086F+215311]
	GetHandleVerifier [0x00007FF72FE66EC4+110436]
	GetHandleVerifier [0x00007FF72FE67072+110866]
	GetHandleVerifier [0x00007FF72FE4D479+5401]
	BaseThreadInitThunk [0x00007FFF631BE8D7+23]
	RtlUserThreadStart [0x00007FFF647B14FC+44]
</status>
</kw>
<kw name="Click Element" owner="SeleniumLibrary">
<msg time="2025-05-03T23:22:47.631861" level="INFO">Clicking element 'id:logout_sidebar_link'.</msg>
<arg>${locator}</arg>
<doc>Click the element identified by ``locator``.</doc>
<status status="PASS" start="2025-05-03T23:22:47.631536" elapsed="0.048261"/>
</kw>
<arg>5x</arg>
<arg>2s</arg>
<arg>Click Element</arg>
<arg>${locator}</arg>
<doc>Runs the specified keyword and retries if it fails.</doc>
<status status="PASS" start="2025-05-03T23:22:45.508805" elapsed="2.171143"/>
</kw>
<arg>id:logout_sidebar_link</arg>
<status status="PASS" start="2025-05-03T23:22:45.508408" elapsed="2.171632"/>
</kw>
<status status="PASS" start="2025-05-03T23:22:45.507783" elapsed="2.172312"/>
</kw>
<kw name="Verify This Is Login Page" owner="login_page">
<kw name="Wait Until Page Contains Element Then Verify Element" owner="common_keywords">
<kw name="Wait Until Keyword Succeeds" owner="BuiltIn">
<kw name="Page Should Contain Element" owner="SeleniumLibrary">
<msg time="2025-05-03T23:22:47.688739" level="INFO">Current page contains element 'id:login-button'.</msg>
<arg>${expected_locator}</arg>
<doc>Verifies that element ``locator`` is found on the current page.</doc>
<status status="PASS" start="2025-05-03T23:22:47.681412" elapsed="0.007434"/>
</kw>
<arg>5x</arg>
<arg>2s</arg>
<arg>Page Should Contain Element</arg>
<arg>${expected_locator}</arg>
<doc>Runs the specified keyword and retries if it fails.</doc>
<status status="PASS" start="2025-05-03T23:22:47.681196" elapsed="0.007733"/>
</kw>
<arg>id:login-button</arg>
<status status="PASS" start="2025-05-03T23:22:47.680949" elapsed="0.008049"/>
</kw>
<status status="PASS" start="2025-05-03T23:22:47.680488" elapsed="0.008557"/>
</kw>
<status status="PASS" start="2025-05-03T23:22:45.288367" elapsed="2.400896"/>
</test>
<test id="s1-t6" name="T06 Products Verify Products Are Displayed On Inventory Page" line="48">
<kw name="Login with ${username} and ${password}" owner="login_page" source_name="Login with ${username} and ${password}">
<kw name="Wait Until Element Is Ready Then Input Text" owner="common_keywords">
<kw name="Wait Until Keyword Succeeds" owner="BuiltIn">
<kw name="Input Text" owner="SeleniumLibrary">
<msg time="2025-05-03T23:22:47.691246" level="INFO">Typing text 'standard_user' into text field 'id:user-name'.</msg>
<arg>${locator}</arg>
<arg>${text}</arg>
<doc>Types the given ``text`` into the text field identified by ``locator``.</doc>
<status status="PASS" start="2025-05-03T23:22:47.691018" elapsed="0.062681"/>
</kw>
<arg>5x</arg>
<arg>2s</arg>
<arg>Input Text</arg>
<arg>${locator}</arg>
<arg>${text}</arg>
<doc>Runs the specified keyword and retries if it fails.</doc>
<status status="PASS" start="2025-05-03T23:22:47.690844" elapsed="0.062967"/>
</kw>
<arg>id:user-name</arg>
<arg>${username}</arg>
<status status="PASS" start="2025-05-03T23:22:47.690531" elapsed="0.063385"/>
</kw>
<kw name="Wait Until Element Is Ready Then Input Text" owner="common_keywords">
<kw name="Wait Until Keyword Succeeds" owner="BuiltIn">
<kw name="Input Text" owner="SeleniumLibrary">
<msg time="2025-05-03T23:22:47.755009" level="INFO">Typing text 'secret_sauce' into text field 'id:password'.</msg>
<arg>${locator}</arg>
<arg>${text}</arg>
<doc>Types the given ``text`` into the text field identified by ``locator``.</doc>
<status status="PASS" start="2025-05-03T23:22:47.754722" elapsed="0.053234"/>
</kw>
<arg>5x</arg>
<arg>2s</arg>
<arg>Input Text</arg>
<arg>${locator}</arg>
<arg>${text}</arg>
<doc>Runs the specified keyword and retries if it fails.</doc>
<status status="PASS" start="2025-05-03T23:22:47.754497" elapsed="0.053674"/>
</kw>
<arg>id:password</arg>
<arg>${password}</arg>
<status status="PASS" start="2025-05-03T23:22:47.754130" elapsed="0.054160"/>
</kw>
<kw name="Click Login Button" owner="login_page">
<kw name="Wait Until Element Is Ready Then Click Element" owner="common_keywords">
<kw name="Wait Until Keyword Succeeds" owner="BuiltIn">
<kw name="Click Element" owner="SeleniumLibrary">
<msg time="2025-05-03T23:22:47.809331" level="INFO">Clicking element 'id:login-button'.</msg>
<arg>${locator}</arg>
<doc>Click the element identified by ``locator``.</doc>
<status status="PASS" start="2025-05-03T23:22:47.809176" elapsed="0.048522"/>
</kw>
<arg>5x</arg>
<arg>2s</arg>
<arg>Click Element</arg>
<arg>${locator}</arg>
<doc>Runs the specified keyword and retries if it fails.</doc>
<status status="PASS" start="2025-05-03T23:22:47.809015" elapsed="0.048826"/>
</kw>
<arg>id:login-button</arg>
<status status="PASS" start="2025-05-03T23:22:47.808806" elapsed="0.049128"/>
</kw>
<status status="PASS" start="2025-05-03T23:22:47.808533" elapsed="0.049458"/>
</kw>
<status status="PASS" start="2025-05-03T23:22:47.690191" elapsed="0.167846"/>
</kw>
<kw name="Verify This Is Inventory Page" owner="inventory_page">
<kw name="Wait Until Page Contains Element Then Verify Element" owner="common_keywords">
<kw name="Wait Until Keyword Succeeds" owner="BuiltIn">
<kw name="Page Should Contain Element" owner="SeleniumLibrary">
<msg time="2025-05-03T23:22:47.864620" level="INFO">Current page contains element 'class:inventory_container'.</msg>
<arg>${expected_locator}</arg>
<doc>Verifies that element ``locator`` is found on the current page.</doc>
<status status="PASS" start="2025-05-03T23:22:47.859537" elapsed="0.005190"/>
</kw>
<arg>5x</arg>
<arg>2s</arg>
<arg>Page Should Contain Element</arg>
<arg>${expected_locator}</arg>
<doc>Runs the specified keyword and retries if it fails.</doc>
<status status="PASS" start="2025-05-03T23:22:47.859371" elapsed="0.005443"/>
</kw>
<arg>class:inventory_container</arg>
<status status="PASS" start="2025-05-03T23:22:47.859159" elapsed="0.005731"/>
</kw>
<status status="PASS" start="2025-05-03T23:22:47.858886" elapsed="0.006049"/>
</kw>
<kw name="Verify Products Are Displayed" owner="inventory_page">
<kw name="Wait Until Page Contains Element Then Verify Element" owner="common_keywords">
<kw name="Wait Until Keyword Succeeds" owner="BuiltIn">
<kw name="Page Should Contain Element" owner="SeleniumLibrary">
<msg time="2025-05-03T23:22:47.873538" level="INFO">Current page contains element 'class:inventory_item'.</msg>
<arg>${expected_locator}</arg>
<doc>Verifies that element ``locator`` is found on the current page.</doc>
<status status="PASS" start="2025-05-03T23:22:47.865829" elapsed="0.007807"/>
</kw>
<arg>5x</arg>
<arg>2s</arg>
<arg>Page Should Contain Element</arg>
<arg>${expected_locator}</arg>
<doc>Runs the specified keyword and retries if it fails.</doc>
<status status="PASS" start="2025-05-03T23:22:47.865669" elapsed="0.008051"/>
</kw>
<arg>class:inventory_item</arg>
<status status="PASS" start="2025-05-03T23:22:47.865473" elapsed="0.008323"/>
</kw>
<status status="PASS" start="2025-05-03T23:22:47.865220" elapsed="0.008635"/>
</kw>
<kw name="Prepare To Next Test" owner="inventory_page">
<kw name="Open Side Menu" owner="inventory_page">
<kw name="Wait Until Element Is Ready Then Click Element" owner="common_keywords">
<kw name="Wait Until Keyword Succeeds" owner="BuiltIn">
<kw name="Click Element" owner="SeleniumLibrary">
<msg time="2025-05-03T23:22:47.875674" level="INFO">Clicking element 'class:bm-burger-button'.</msg>
<arg>${locator}</arg>
<doc>Click the element identified by ``locator``.</doc>
<status status="PASS" start="2025-05-03T23:22:47.875465" elapsed="0.040635"/>
</kw>
<arg>5x</arg>
<arg>2s</arg>
<arg>Click Element</arg>
<arg>${locator}</arg>
<doc>Runs the specified keyword and retries if it fails.</doc>
<status status="PASS" start="2025-05-03T23:22:47.875215" elapsed="0.040986"/>
</kw>
<arg>class:bm-burger-button</arg>
<status status="PASS" start="2025-05-03T23:22:47.874875" elapsed="0.041396"/>
</kw>
<status status="PASS" start="2025-05-03T23:22:47.874695" elapsed="0.041623"/>
</kw>
<kw name="Wait Until Element Is Ready Then Click Element" owner="common_keywords">
<kw name="Wait Until Keyword Succeeds" owner="BuiltIn">
<kw name="Click Element" owner="SeleniumLibrary">
<msg time="2025-05-03T23:22:47.917042" level="INFO">Clicking element 'id:reset_sidebar_link'.</msg>
<msg time="2025-05-03T23:22:48.038087" level="INFO" html="true">&lt;/td&gt;&lt;/tr&gt;&lt;tr&gt;&lt;td colspan="3"&gt;&lt;a href="selenium-screenshot-6.png"&gt;&lt;img src="selenium-screenshot-6.png" width="800px"&gt;&lt;/a&gt;</msg>
<msg time="2025-05-03T23:22:48.038292" level="FAIL">ElementNotInteractableException: Message: element not interactable
  (Session info: chrome=135.0.7049.115)
Stacktrace:
	GetHandleVerifier [0x00007FF72FE5EFA5+77893]
	GetHandleVerifier [0x00007FF72FE5F000+77984]
	(No symbol) [0x00007FF72FC28FEC]
	(No symbol) [0x00007FF72FC80624]
	(No symbol) [0x00007FF72FC72134]
	(No symbol) [0x00007FF72FCA712A]
	(No symbol) [0x00007FF72FC719E6]
	(No symbol) [0x00007FF72FCA7340]
	(No symbol) [0x00007FF72FCCF07F]
	(No symbol) [0x00007FF72FCA6F03]
	(No symbol) [0x00007FF72FC70328]
	(No symbol) [0x00007FF72FC71093]
	GetHandleVerifier [0x00007FF730117B6D+2931725]
	GetHandleVerifier [0x00007FF730112132+2908626]
	GetHandleVerifier [0x00007FF7301300F3+3031443]
	GetHandleVerifier [0x00007FF72FE791EA+184970]
	GetHandleVerifier [0x00007FF72FE8086F+215311]
	GetHandleVerifier [0x00007FF72FE66EC4+110436]
	GetHandleVerifier [0x00007FF72FE67072+110866]
	GetHandleVerifier [0x00007FF72FE4D479+5401]
	BaseThreadInitThunk [0x00007FFF631BE8D7+23]
	RtlUserThreadStart [0x00007FFF647B14FC+44]
</msg>
<arg>${locator}</arg>
<doc>Click the element identified by ``locator``.</doc>
<status status="FAIL" start="2025-05-03T23:22:47.916898" elapsed="0.122277">ElementNotInteractableException: Message: element not interactable
  (Session info: chrome=135.0.7049.115)
Stacktrace:
	GetHandleVerifier [0x00007FF72FE5EFA5+77893]
	GetHandleVerifier [0x00007FF72FE5F000+77984]
	(No symbol) [0x00007FF72FC28FEC]
	(No symbol) [0x00007FF72FC80624]
	(No symbol) [0x00007FF72FC72134]
	(No symbol) [0x00007FF72FCA712A]
	(No symbol) [0x00007FF72FC719E6]
	(No symbol) [0x00007FF72FCA7340]
	(No symbol) [0x00007FF72FCCF07F]
	(No symbol) [0x00007FF72FCA6F03]
	(No symbol) [0x00007FF72FC70328]
	(No symbol) [0x00007FF72FC71093]
	GetHandleVerifier [0x00007FF730117B6D+2931725]
	GetHandleVerifier [0x00007FF730112132+2908626]
	GetHandleVerifier [0x00007FF7301300F3+3031443]
	GetHandleVerifier [0x00007FF72FE791EA+184970]
	GetHandleVerifier [0x00007FF72FE8086F+215311]
	GetHandleVerifier [0x00007FF72FE66EC4+110436]
	GetHandleVerifier [0x00007FF72FE67072+110866]
	GetHandleVerifier [0x00007FF72FE4D479+5401]
	BaseThreadInitThunk [0x00007FFF631BE8D7+23]
	RtlUserThreadStart [0x00007FFF647B14FC+44]
</status>
</kw>
<kw name="Click Element" owner="SeleniumLibrary">
<msg time="2025-05-03T23:22:50.039903" level="INFO">Clicking element 'id:reset_sidebar_link'.</msg>
<arg>${locator}</arg>
<doc>Click the element identified by ``locator``.</doc>
<status status="PASS" start="2025-05-03T23:22:50.039587" elapsed="0.041637"/>
</kw>
<arg>5x</arg>
<arg>2s</arg>
<arg>Click Element</arg>
<arg>${locator}</arg>
<doc>Runs the specified keyword and retries if it fails.</doc>
<status status="PASS" start="2025-05-03T23:22:47.916743" elapsed="2.164604"/>
</kw>
<arg>id:reset_sidebar_link</arg>
<status status="PASS" start="2025-05-03T23:22:47.916486" elapsed="2.164951"/>
</kw>
<kw name="Logout" owner="inventory_page">
<kw name="Wait Until Element Is Ready Then Click Element" owner="common_keywords">
<kw name="Wait Until Keyword Succeeds" owner="BuiltIn">
<kw name="Click Element" owner="SeleniumLibrary">
<msg time="2025-05-03T23:22:50.082663" level="INFO">Clicking element 'id:logout_sidebar_link'.</msg>
<arg>${locator}</arg>
<doc>Click the element identified by ``locator``.</doc>
<status status="PASS" start="2025-05-03T23:22:50.082446" elapsed="0.048656"/>
</kw>
<arg>5x</arg>
<arg>2s</arg>
<arg>Click Element</arg>
<arg>${locator}</arg>
<doc>Runs the specified keyword and retries if it fails.</doc>
<status status="PASS" start="2025-05-03T23:22:50.082211" elapsed="0.049024"/>
</kw>
<arg>id:logout_sidebar_link</arg>
<status status="PASS" start="2025-05-03T23:22:50.081951" elapsed="0.049390"/>
</kw>
<status status="PASS" start="2025-05-03T23:22:50.081636" elapsed="0.049777"/>
</kw>
<status status="PASS" start="2025-05-03T23:22:47.874401" elapsed="2.257073"/>
</kw>
<status status="PASS" start="2025-05-03T23:22:47.689664" elapsed="2.442129"/>
</test>
<test id="s1-t7" name="T07 Verify Product Sorting By Price Low To High" line="54">
<kw name="Login with ${username} and ${password}" owner="login_page" source_name="Login with ${username} and ${password}">
<kw name="Wait Until Element Is Ready Then Input Text" owner="common_keywords">
<kw name="Wait Until Keyword Succeeds" owner="BuiltIn">
<kw name="Input Text" owner="SeleniumLibrary">
<msg time="2025-05-03T23:22:50.134192" level="INFO">Typing text 'standard_user' into text field 'id:user-name'.</msg>
<arg>${locator}</arg>
<arg>${text}</arg>
<doc>Types the given ``text`` into the text field identified by ``locator``.</doc>
<status status="PASS" start="2025-05-03T23:22:50.133885" elapsed="0.065462"/>
</kw>
<arg>5x</arg>
<arg>2s</arg>
<arg>Input Text</arg>
<arg>${locator}</arg>
<arg>${text}</arg>
<doc>Runs the specified keyword and retries if it fails.</doc>
<status status="PASS" start="2025-05-03T23:22:50.133554" elapsed="0.066053"/>
</kw>
<arg>id:user-name</arg>
<arg>${username}</arg>
<status status="PASS" start="2025-05-03T23:22:50.133098" elapsed="0.066604"/>
</kw>
<kw name="Wait Until Element Is Ready Then Input Text" owner="common_keywords">
<kw name="Wait Until Keyword Succeeds" owner="BuiltIn">
<kw name="Input Text" owner="SeleniumLibrary">
<msg time="2025-05-03T23:22:50.200902" level="INFO">Typing text 'secret_sauce' into text field 'id:password'.</msg>
<arg>${locator}</arg>
<arg>${text}</arg>
<doc>Types the given ``text`` into the text field identified by ``locator``.</doc>
<status status="PASS" start="2025-05-03T23:22:50.200647" elapsed="0.055969"/>
</kw>
<arg>5x</arg>
<arg>2s</arg>
<arg>Input Text</arg>
<arg>${locator}</arg>
<arg>${text}</arg>
<doc>Runs the specified keyword and retries if it fails.</doc>
<status status="PASS" start="2025-05-03T23:22:50.200394" elapsed="0.056345"/>
</kw>
<arg>id:password</arg>
<arg>${password}</arg>
<status status="PASS" start="2025-05-03T23:22:50.199913" elapsed="0.056919"/>
</kw>
<kw name="Click Login Button" owner="login_page">
<kw name="Wait Until Element Is Ready Then Click Element" owner="common_keywords">
<kw name="Wait Until Keyword Succeeds" owner="BuiltIn">
<kw name="Click Element" owner="SeleniumLibrary">
<msg time="2025-05-03T23:22:50.257993" level="INFO">Clicking element 'id:login-button'.</msg>
<arg>${locator}</arg>
<doc>Click the element identified by ``locator``.</doc>
<status status="PASS" start="2025-05-03T23:22:50.257804" elapsed="0.042989"/>
</kw>
<arg>5x</arg>
<arg>2s</arg>
<arg>Click Element</arg>
<arg>${locator}</arg>
<doc>Runs the specified keyword and retries if it fails.</doc>
<status status="PASS" start="2025-05-03T23:22:50.257597" elapsed="0.043334"/>
</kw>
<arg>id:login-button</arg>
<status status="PASS" start="2025-05-03T23:22:50.257345" elapsed="0.043769"/>
</kw>
<status status="PASS" start="2025-05-03T23:22:50.257041" elapsed="0.044137"/>
</kw>
<status status="PASS" start="2025-05-03T23:22:50.132642" elapsed="0.168590"/>
</kw>
<kw name="Sort Products by ${lowToHigh}" owner="inventory_page" source_name="Sort Products by ${Sort}">
<kw name="Wait Until Element Is Ready Then Select Option By Value" owner="common_keywords">
<kw name="Wait Until Keyword Succeeds" owner="BuiltIn">
<kw name="Select From List By Value" owner="SeleniumLibrary">
<msg time="2025-05-03T23:22:50.302630" level="INFO">Selecting options from selection list 'class:product_sort_container' by value lohi.</msg>
<arg>${locator}</arg>
<arg>${value}</arg>
<doc>Selects options from selection list ``locator`` by ``values``.</doc>
<status status="PASS" start="2025-05-03T23:22:50.302414" elapsed="0.054369"/>
</kw>
<arg>5x</arg>
<arg>2s</arg>
<arg>Select From List By Value</arg>
<arg>${locator}</arg>
<arg>${value}</arg>
<doc>Runs the specified keyword and retries if it fails.</doc>
<status status="PASS" start="2025-05-03T23:22:50.302234" elapsed="0.054684"/>
</kw>
<arg>class:product_sort_container</arg>
<arg>${Sort}</arg>
<status status="PASS" start="2025-05-03T23:22:50.301969" elapsed="0.055056"/>
</kw>
<status status="PASS" start="2025-05-03T23:22:50.301605" elapsed="0.055501"/>
</kw>
<kw name="Verify First Product Is Onesie" owner="inventory_page">
<kw name="Wait Until Page Contains Element Then Verify Element Text" owner="common_keywords">
<kw name="Wait Until Keyword Succeeds" owner="BuiltIn">
<kw name="Page Should Contain Element" owner="SeleniumLibrary">
<msg time="2025-05-03T23:22:50.368255" level="INFO">Current page contains element 'id:item_2_title_link'.</msg>
<arg>${expected_locator}</arg>
<doc>Verifies that element ``locator`` is found on the current page.</doc>
<status status="PASS" start="2025-05-03T23:22:50.358351" elapsed="0.010003"/>
</kw>
<arg>5x</arg>
<arg>2s</arg>
<arg>Page Should Contain Element</arg>
<arg>${expected_locator}</arg>
<doc>Runs the specified keyword and retries if it fails.</doc>
<status status="PASS" start="2025-05-03T23:22:50.358123" elapsed="0.010317"/>
</kw>
<kw name="Wait Until Keyword Succeeds" owner="BuiltIn">
<kw name="Element Text Should Be" owner="SeleniumLibrary">
<msg time="2025-05-03T23:22:50.369199" level="INFO">Verifying element 'id:item_2_title_link' contains exact text 'Sauce Labs Onesie'.</msg>
<arg>${expected_locator}</arg>
<arg>${expected_text}</arg>
<doc>Verifies that element ``locator`` contains exact the text ``expected``.</doc>
<status status="PASS" start="2025-05-03T23:22:50.368943" elapsed="0.015220"/>
</kw>
<arg>5x</arg>
<arg>2s</arg>
<arg>Element Text Should Be</arg>
<arg>${expected_locator}</arg>
<arg>${expected_text}</arg>
<doc>Runs the specified keyword and retries if it fails.</doc>
<status status="PASS" start="2025-05-03T23:22:50.368608" elapsed="0.015647"/>
</kw>
<arg>id:item_2_title_link</arg>
<arg>Sauce Labs Onesie</arg>
<status status="PASS" start="2025-05-03T23:22:50.357821" elapsed="0.026501"/>
</kw>
<status status="PASS" start="2025-05-03T23:22:50.357483" elapsed="0.026888"/>
</kw>
<kw name="Prepare To Next Test" owner="inventory_page">
<kw name="Open Side Menu" owner="inventory_page">
<kw name="Wait Until Element Is Ready Then Click Element" owner="common_keywords">
<kw name="Wait Until Keyword Succeeds" owner="BuiltIn">
<kw name="Click Element" owner="SeleniumLibrary">
<msg time="2025-05-03T23:22:50.385616" level="INFO">Clicking element 'class:bm-burger-button'.</msg>
<arg>${locator}</arg>
<doc>Click the element identified by ``locator``.</doc>
<status status="PASS" start="2025-05-03T23:22:50.385473" elapsed="0.035988"/>
</kw>
<arg>5x</arg>
<arg>2s</arg>
<arg>Click Element</arg>
<arg>${locator}</arg>
<doc>Runs the specified keyword and retries if it fails.</doc>
<status status="PASS" start="2025-05-03T23:22:50.385313" elapsed="0.036244"/>
</kw>
<arg>class:bm-burger-button</arg>
<status status="PASS" start="2025-05-03T23:22:50.385121" elapsed="0.036502"/>
</kw>
<status status="PASS" start="2025-05-03T23:22:50.384935" elapsed="0.036735"/>
</kw>
<kw name="Wait Until Element Is Ready Then Click Element" owner="common_keywords">
<kw name="Wait Until Keyword Succeeds" owner="BuiltIn">
<kw name="Click Element" owner="SeleniumLibrary">
<msg time="2025-05-03T23:22:50.422431" level="INFO">Clicking element 'id:reset_sidebar_link'.</msg>
<msg time="2025-05-03T23:22:50.550213" level="INFO" html="true">&lt;/td&gt;&lt;/tr&gt;&lt;tr&gt;&lt;td colspan="3"&gt;&lt;a href="selenium-screenshot-7.png"&gt;&lt;img src="selenium-screenshot-7.png" width="800px"&gt;&lt;/a&gt;</msg>
<msg time="2025-05-03T23:22:50.550416" level="FAIL">ElementNotInteractableException: Message: element not interactable
  (Session info: chrome=135.0.7049.115)
Stacktrace:
	GetHandleVerifier [0x00007FF72FE5EFA5+77893]
	GetHandleVerifier [0x00007FF72FE5F000+77984]
	(No symbol) [0x00007FF72FC28FEC]
	(No symbol) [0x00007FF72FC80624]
	(No symbol) [0x00007FF72FC72134]
	(No symbol) [0x00007FF72FCA712A]
	(No symbol) [0x00007FF72FC719E6]
	(No symbol) [0x00007FF72FCA7340]
	(No symbol) [0x00007FF72FCCF07F]
	(No symbol) [0x00007FF72FCA6F03]
	(No symbol) [0x00007FF72FC70328]
	(No symbol) [0x00007FF72FC71093]
	GetHandleVerifier [0x00007FF730117B6D+2931725]
	GetHandleVerifier [0x00007FF730112132+2908626]
	GetHandleVerifier [0x00007FF7301300F3+3031443]
	GetHandleVerifier [0x00007FF72FE791EA+184970]
	GetHandleVerifier [0x00007FF72FE8086F+215311]
	GetHandleVerifier [0x00007FF72FE66EC4+110436]
	GetHandleVerifier [0x00007FF72FE67072+110866]
	GetHandleVerifier [0x00007FF72FE4D479+5401]
	BaseThreadInitThunk [0x00007FFF631BE8D7+23]
	RtlUserThreadStart [0x00007FFF647B14FC+44]
</msg>
<arg>${locator}</arg>
<doc>Click the element identified by ``locator``.</doc>
<status status="FAIL" start="2025-05-03T23:22:50.422275" elapsed="0.129172">ElementNotInteractableException: Message: element not interactable
  (Session info: chrome=135.0.7049.115)
Stacktrace:
	GetHandleVerifier [0x00007FF72FE5EFA5+77893]
	GetHandleVerifier [0x00007FF72FE5F000+77984]
	(No symbol) [0x00007FF72FC28FEC]
	(No symbol) [0x00007FF72FC80624]
	(No symbol) [0x00007FF72FC72134]
	(No symbol) [0x00007FF72FCA712A]
	(No symbol) [0x00007FF72FC719E6]
	(No symbol) [0x00007FF72FCA7340]
	(No symbol) [0x00007FF72FCCF07F]
	(No symbol) [0x00007FF72FCA6F03]
	(No symbol) [0x00007FF72FC70328]
	(No symbol) [0x00007FF72FC71093]
	GetHandleVerifier [0x00007FF730117B6D+2931725]
	GetHandleVerifier [0x00007FF730112132+2908626]
	GetHandleVerifier [0x00007FF7301300F3+3031443]
	GetHandleVerifier [0x00007FF72FE791EA+184970]
	GetHandleVerifier [0x00007FF72FE8086F+215311]
	GetHandleVerifier [0x00007FF72FE66EC4+110436]
	GetHandleVerifier [0x00007FF72FE67072+110866]
	GetHandleVerifier [0x00007FF72FE4D479+5401]
	BaseThreadInitThunk [0x00007FFF631BE8D7+23]
	RtlUserThreadStart [0x00007FFF647B14FC+44]
</status>
</kw>
<kw name="Click Element" owner="SeleniumLibrary">
<msg time="2025-05-03T23:22:52.552288" level="INFO">Clicking element 'id:reset_sidebar_link'.</msg>
<arg>${locator}</arg>
<doc>Click the element identified by ``locator``.</doc>
<status status="PASS" start="2025-05-03T23:22:52.552010" elapsed="0.042707"/>
</kw>
<arg>5x</arg>
<arg>2s</arg>
<arg>Click Element</arg>
<arg>${locator}</arg>
<doc>Runs the specified keyword and retries if it fails.</doc>
<status status="PASS" start="2025-05-03T23:22:50.422094" elapsed="2.172949"/>
</kw>
<arg>id:reset_sidebar_link</arg>
<status status="PASS" start="2025-05-03T23:22:50.421828" elapsed="2.173433"/>
</kw>
<kw name="Logout" owner="inventory_page">
<kw name="Wait Until Element Is Ready Then Click Element" owner="common_keywords">
<kw name="Wait Until Keyword Succeeds" owner="BuiltIn">
<kw name="Click Element" owner="SeleniumLibrary">
<msg time="2025-05-03T23:22:52.598542" level="INFO">Clicking element 'id:logout_sidebar_link'.</msg>
<arg>${locator}</arg>
<doc>Click the element identified by ``locator``.</doc>
<status status="PASS" start="2025-05-03T23:22:52.596599" elapsed="0.042424"/>
</kw>
<arg>5x</arg>
<arg>2s</arg>
<arg>Click Element</arg>
<arg>${locator}</arg>
<doc>Runs the specified keyword and retries if it fails.</doc>
<status status="PASS" start="2025-05-03T23:22:52.596428" elapsed="0.042691"/>
</kw>
<arg>id:logout_sidebar_link</arg>
<status status="PASS" start="2025-05-03T23:22:52.596214" elapsed="0.042971"/>
</kw>
<status status="PASS" start="2025-05-03T23:22:52.595704" elapsed="0.043529"/>
</kw>
<status status="PASS" start="2025-05-03T23:22:50.384669" elapsed="2.254603"/>
</kw>
<status status="PASS" start="2025-05-03T23:22:50.132257" elapsed="2.508909"/>
</test>
<test id="s1-t8" name="T08 Verify Product Sorting By Price High To Low" line="60">
<kw name="Login with ${username} and ${password}" owner="login_page" source_name="Login with ${username} and ${password}">
<kw name="Wait Until Element Is Ready Then Input Text" owner="common_keywords">
<kw name="Wait Until Keyword Succeeds" owner="BuiltIn">
<kw name="Input Text" owner="SeleniumLibrary">
<msg time="2025-05-03T23:22:52.643190" level="INFO">Typing text 'standard_user' into text field 'id:user-name'.</msg>
<arg>${locator}</arg>
<arg>${text}</arg>
<doc>Types the given ``text`` into the text field identified by ``locator``.</doc>
<status status="PASS" start="2025-05-03T23:22:52.643013" elapsed="0.069618"/>
</kw>
<arg>5x</arg>
<arg>2s</arg>
<arg>Input Text</arg>
<arg>${locator}</arg>
<arg>${text}</arg>
<doc>Runs the specified keyword and retries if it fails.</doc>
<status status="PASS" start="2025-05-03T23:22:52.642842" elapsed="0.069885"/>
</kw>
<arg>id:user-name</arg>
<arg>${username}</arg>
<status status="PASS" start="2025-05-03T23:22:52.642624" elapsed="0.070209"/>
</kw>
<kw name="Wait Until Element Is Ready Then Input Text" owner="common_keywords">
<kw name="Wait Until Keyword Succeeds" owner="BuiltIn">
<kw name="Input Text" owner="SeleniumLibrary">
<msg time="2025-05-03T23:22:52.713819" level="INFO">Typing text 'secret_sauce' into text field 'id:password'.</msg>
<arg>${locator}</arg>
<arg>${text}</arg>
<doc>Types the given ``text`` into the text field identified by ``locator``.</doc>
<status status="PASS" start="2025-05-03T23:22:52.713595" elapsed="0.055651"/>
</kw>
<arg>5x</arg>
<arg>2s</arg>
<arg>Input Text</arg>
<arg>${locator}</arg>
<arg>${text}</arg>
<doc>Runs the specified keyword and retries if it fails.</doc>
<status status="PASS" start="2025-05-03T23:22:52.713400" elapsed="0.055957"/>
</kw>
<arg>id:password</arg>
<arg>${password}</arg>
<status status="PASS" start="2025-05-03T23:22:52.713053" elapsed="0.056384"/>
</kw>
<kw name="Click Login Button" owner="login_page">
<kw name="Wait Until Element Is Ready Then Click Element" owner="common_keywords">
<kw name="Wait Until Keyword Succeeds" owner="BuiltIn">
<kw name="Click Element" owner="SeleniumLibrary">
<msg time="2025-05-03T23:22:52.770498" level="INFO">Clicking element 'id:login-button'.</msg>
<arg>${locator}</arg>
<doc>Click the element identified by ``locator``.</doc>
<status status="PASS" start="2025-05-03T23:22:52.770350" elapsed="0.044234"/>
</kw>
<arg>5x</arg>
<arg>2s</arg>
<arg>Click Element</arg>
<arg>${locator}</arg>
<doc>Runs the specified keyword and retries if it fails.</doc>
<status status="PASS" start="2025-05-03T23:22:52.770176" elapsed="0.044505"/>
</kw>
<arg>id:login-button</arg>
<status status="PASS" start="2025-05-03T23:22:52.769930" elapsed="0.044835"/>
</kw>
<status status="PASS" start="2025-05-03T23:22:52.769619" elapsed="0.045221"/>
</kw>
<status status="PASS" start="2025-05-03T23:22:52.642322" elapsed="0.172574"/>
</kw>
<kw name="Sort Products by ${highToLow}" owner="inventory_page" source_name="Sort Products by ${Sort}">
<kw name="Wait Until Element Is Ready Then Select Option By Value" owner="common_keywords">
<kw name="Wait Until Keyword Succeeds" owner="BuiltIn">
<kw name="Select From List By Value" owner="SeleniumLibrary">
<msg time="2025-05-03T23:22:52.816371" level="INFO">Selecting options from selection list 'class:product_sort_container' by value hilo.</msg>
<arg>${locator}</arg>
<arg>${value}</arg>
<doc>Selects options from selection list ``locator`` by ``values``.</doc>
<status status="PASS" start="2025-05-03T23:22:52.816170" elapsed="0.049266"/>
</kw>
<arg>5x</arg>
<arg>2s</arg>
<arg>Select From List By Value</arg>
<arg>${locator}</arg>
<arg>${value}</arg>
<doc>Runs the specified keyword and retries if it fails.</doc>
<status status="PASS" start="2025-05-03T23:22:52.815930" elapsed="0.049599"/>
</kw>
<arg>class:product_sort_container</arg>
<arg>${Sort}</arg>
<status status="PASS" start="2025-05-03T23:22:52.815648" elapsed="0.049950"/>
</kw>
<status status="PASS" start="2025-05-03T23:22:52.815269" elapsed="0.050392"/>
</kw>
<kw name="Verify First Product Is Jacket" owner="inventory_page">
<kw name="Wait Until Page Contains Element Then Verify Element Text" owner="common_keywords">
<kw name="Wait Until Keyword Succeeds" owner="BuiltIn">
<kw name="Page Should Contain Element" owner="SeleniumLibrary">
<msg time="2025-05-03T23:22:52.873772" level="INFO">Current page contains element 'id:item_5_title_link'.</msg>
<arg>${expected_locator}</arg>
<doc>Verifies that element ``locator`` is found on the current page.</doc>
<status status="PASS" start="2025-05-03T23:22:52.866612" elapsed="0.007255"/>
</kw>
<arg>5x</arg>
<arg>2s</arg>
<arg>Page Should Contain Element</arg>
<arg>${expected_locator}</arg>
<doc>Runs the specified keyword and retries if it fails.</doc>
<status status="PASS" start="2025-05-03T23:22:52.866452" elapsed="0.007504"/>
</kw>
<kw name="Wait Until Keyword Succeeds" owner="BuiltIn">
<kw name="Element Text Should Be" owner="SeleniumLibrary">
<msg time="2025-05-03T23:22:52.874544" level="INFO">Verifying element 'id:item_5_title_link' contains exact text 'Sauce Labs Fleece Jacket'.</msg>
<arg>${expected_locator}</arg>
<arg>${expected_text}</arg>
<doc>Verifies that element ``locator`` contains exact the text ``expected``.</doc>
<status status="PASS" start="2025-05-03T23:22:52.874345" elapsed="0.010579"/>
</kw>
<arg>5x</arg>
<arg>2s</arg>
<arg>Element Text Should Be</arg>
<arg>${expected_locator}</arg>
<arg>${expected_text}</arg>
<doc>Runs the specified keyword and retries if it fails.</doc>
<status status="PASS" start="2025-05-03T23:22:52.874125" elapsed="0.010930"/>
</kw>
<arg>id:item_5_title_link</arg>
<arg>Sauce Labs Fleece Jacket</arg>
<status status="PASS" start="2025-05-03T23:22:52.866241" elapsed="0.018886"/>
</kw>
<status status="PASS" start="2025-05-03T23:22:52.865964" elapsed="0.019214"/>
</kw>
<kw name="Prepare To Next Test" owner="inventory_page">
<kw name="Open Side Menu" owner="inventory_page">
<kw name="Wait Until Element Is Ready Then Click Element" owner="common_keywords">
<kw name="Wait Until Keyword Succeeds" owner="BuiltIn">
<kw name="Click Element" owner="SeleniumLibrary">
<msg time="2025-05-03T23:22:52.886637" level="INFO">Clicking element 'class:bm-burger-button'.</msg>
<arg>${locator}</arg>
<doc>Click the element identified by ``locator``.</doc>
<status status="PASS" start="2025-05-03T23:22:52.886417" elapsed="0.036818"/>
</kw>
<arg>5x</arg>
<arg>2s</arg>
<arg>Click Element</arg>
<arg>${locator}</arg>
<doc>Runs the specified keyword and retries if it fails.</doc>
<status status="PASS" start="2025-05-03T23:22:52.886215" elapsed="0.037144"/>
</kw>
<arg>class:bm-burger-button</arg>
<status status="PASS" start="2025-05-03T23:22:52.886021" elapsed="0.037440"/>
</kw>
<status status="PASS" start="2025-05-03T23:22:52.885829" elapsed="0.037706"/>
</kw>
<kw name="Wait Until Element Is Ready Then Click Element" owner="common_keywords">
<kw name="Wait Until Keyword Succeeds" owner="BuiltIn">
<kw name="Click Element" owner="SeleniumLibrary">
<msg time="2025-05-03T23:22:52.924587" level="INFO">Clicking element 'id:reset_sidebar_link'.</msg>
<msg time="2025-05-03T23:22:53.043697" level="INFO" html="true">&lt;/td&gt;&lt;/tr&gt;&lt;tr&gt;&lt;td colspan="3"&gt;&lt;a href="selenium-screenshot-8.png"&gt;&lt;img src="selenium-screenshot-8.png" width="800px"&gt;&lt;/a&gt;</msg>
<msg time="2025-05-03T23:22:53.043908" level="FAIL">ElementNotInteractableException: Message: element not interactable
  (Session info: chrome=135.0.7049.115)
Stacktrace:
	GetHandleVerifier [0x00007FF72FE5EFA5+77893]
	GetHandleVerifier [0x00007FF72FE5F000+77984]
	(No symbol) [0x00007FF72FC28FEC]
	(No symbol) [0x00007FF72FC80624]
	(No symbol) [0x00007FF72FC72134]
	(No symbol) [0x00007FF72FCA712A]
	(No symbol) [0x00007FF72FC719E6]
	(No symbol) [0x00007FF72FCA7340]
	(No symbol) [0x00007FF72FCCF07F]
	(No symbol) [0x00007FF72FCA6F03]
	(No symbol) [0x00007FF72FC70328]
	(No symbol) [0x00007FF72FC71093]
	GetHandleVerifier [0x00007FF730117B6D+2931725]
	GetHandleVerifier [0x00007FF730112132+2908626]
	GetHandleVerifier [0x00007FF7301300F3+3031443]
	GetHandleVerifier [0x00007FF72FE791EA+184970]
	GetHandleVerifier [0x00007FF72FE8086F+215311]
	GetHandleVerifier [0x00007FF72FE66EC4+110436]
	GetHandleVerifier [0x00007FF72FE67072+110866]
	GetHandleVerifier [0x00007FF72FE4D479+5401]
	BaseThreadInitThunk [0x00007FFF631BE8D7+23]
	RtlUserThreadStart [0x00007FFF647B14FC+44]
</msg>
<arg>${locator}</arg>
<doc>Click the element identified by ``locator``.</doc>
<status status="FAIL" start="2025-05-03T23:22:52.924371" elapsed="0.120806">ElementNotInteractableException: Message: element not interactable
  (Session info: chrome=135.0.7049.115)
Stacktrace:
	GetHandleVerifier [0x00007FF72FE5EFA5+77893]
	GetHandleVerifier [0x00007FF72FE5F000+77984]
	(No symbol) [0x00007FF72FC28FEC]
	(No symbol) [0x00007FF72FC80624]
	(No symbol) [0x00007FF72FC72134]
	(No symbol) [0x00007FF72FCA712A]
	(No symbol) [0x00007FF72FC719E6]
	(No symbol) [0x00007FF72FCA7340]
	(No symbol) [0x00007FF72FCCF07F]
	(No symbol) [0x00007FF72FCA6F03]
	(No symbol) [0x00007FF72FC70328]
	(No symbol) [0x00007FF72FC71093]
	GetHandleVerifier [0x00007FF730117B6D+2931725]
	GetHandleVerifier [0x00007FF730112132+2908626]
	GetHandleVerifier [0x00007FF7301300F3+3031443]
	GetHandleVerifier [0x00007FF72FE791EA+184970]
	GetHandleVerifier [0x00007FF72FE8086F+215311]
	GetHandleVerifier [0x00007FF72FE66EC4+110436]
	GetHandleVerifier [0x00007FF72FE67072+110866]
	GetHandleVerifier [0x00007FF72FE4D479+5401]
	BaseThreadInitThunk [0x00007FFF631BE8D7+23]
	RtlUserThreadStart [0x00007FFF647B14FC+44]
</status>
</kw>
<kw name="Click Element" owner="SeleniumLibrary">
<msg time="2025-05-03T23:22:55.046037" level="INFO">Clicking element 'id:reset_sidebar_link'.</msg>
<arg>${locator}</arg>
<doc>Click the element identified by ``locator``.</doc>
<status status="PASS" start="2025-05-03T23:22:55.045718" elapsed="0.039501"/>
</kw>
<arg>5x</arg>
<arg>2s</arg>
<arg>Click Element</arg>
<arg>${locator}</arg>
<doc>Runs the specified keyword and retries if it fails.</doc>
<status status="PASS" start="2025-05-03T23:22:52.924123" elapsed="2.161266"/>
</kw>
<arg>id:reset_sidebar_link</arg>
<status status="PASS" start="2025-05-03T23:22:52.923748" elapsed="2.161738"/>
</kw>
<kw name="Logout" owner="inventory_page">
<kw name="Wait Until Element Is Ready Then Click Element" owner="common_keywords">
<kw name="Wait Until Keyword Succeeds" owner="BuiltIn">
<kw name="Click Element" owner="SeleniumLibrary">
<msg time="2025-05-03T23:22:55.087685" level="INFO">Clicking element 'id:logout_sidebar_link'.</msg>
<arg>${locator}</arg>
<doc>Click the element identified by ``locator``.</doc>
<status status="PASS" start="2025-05-03T23:22:55.086802" elapsed="0.044064"/>
</kw>
<arg>5x</arg>
<arg>2s</arg>
<arg>Click Element</arg>
<arg>${locator}</arg>
<doc>Runs the specified keyword and retries if it fails.</doc>
<status status="PASS" start="2025-05-03T23:22:55.086644" elapsed="0.044339"/>
</kw>
<arg>id:logout_sidebar_link</arg>
<status status="PASS" start="2025-05-03T23:22:55.086417" elapsed="0.044658"/>
</kw>
<status status="PASS" start="2025-05-03T23:22:55.085895" elapsed="0.045246"/>
</kw>
<status status="PASS" start="2025-05-03T23:22:52.885494" elapsed="2.245701"/>
</kw>
<status status="PASS" start="2025-05-03T23:22:52.641753" elapsed="2.489774"/>
</test>
<test id="s1-t9" name="T09 Verify Product Sorting By Name A To Z" line="66">
<kw name="Login with ${username} and ${password}" owner="login_page" source_name="Login with ${username} and ${password}">
<kw name="Wait Until Element Is Ready Then Input Text" owner="common_keywords">
<kw name="Wait Until Keyword Succeeds" owner="BuiltIn">
<kw name="Input Text" owner="SeleniumLibrary">
<msg time="2025-05-03T23:22:55.133307" level="INFO">Typing text 'standard_user' into text field 'id:user-name'.</msg>
<arg>${locator}</arg>
<arg>${text}</arg>
<doc>Types the given ``text`` into the text field identified by ``locator``.</doc>
<status status="PASS" start="2025-05-03T23:22:55.133085" elapsed="0.062616"/>
</kw>
<arg>5x</arg>
<arg>2s</arg>
<arg>Input Text</arg>
<arg>${locator}</arg>
<arg>${text}</arg>
<doc>Runs the specified keyword and retries if it fails.</doc>
<status status="PASS" start="2025-05-03T23:22:55.132883" elapsed="0.062943"/>
</kw>
<arg>id:user-name</arg>
<arg>${username}</arg>
<status status="PASS" start="2025-05-03T23:22:55.132659" elapsed="0.063294"/>
</kw>
<kw name="Wait Until Element Is Ready Then Input Text" owner="common_keywords">
<kw name="Wait Until Keyword Succeeds" owner="BuiltIn">
<kw name="Input Text" owner="SeleniumLibrary">
<msg time="2025-05-03T23:22:55.197257" level="INFO">Typing text 'secret_sauce' into text field 'id:password'.</msg>
<arg>${locator}</arg>
<arg>${text}</arg>
<doc>Types the given ``text`` into the text field identified by ``locator``.</doc>
<status status="PASS" start="2025-05-03T23:22:55.196965" elapsed="0.061055"/>
</kw>
<arg>5x</arg>
<arg>2s</arg>
<arg>Input Text</arg>
<arg>${locator}</arg>
<arg>${text}</arg>
<doc>Runs the specified keyword and retries if it fails.</doc>
<status status="PASS" start="2025-05-03T23:22:55.196710" elapsed="0.061493"/>
</kw>
<arg>id:password</arg>
<arg>${password}</arg>
<status status="PASS" start="2025-05-03T23:22:55.196235" elapsed="0.062071"/>
</kw>
<kw name="Click Login Button" owner="login_page">
<kw name="Wait Until Element Is Ready Then Click Element" owner="common_keywords">
<kw name="Wait Until Keyword Succeeds" owner="BuiltIn">
<kw name="Click Element" owner="SeleniumLibrary">
<msg time="2025-05-03T23:22:55.259388" level="INFO">Clicking element 'id:login-button'.</msg>
<arg>${locator}</arg>
<doc>Click the element identified by ``locator``.</doc>
<status status="PASS" start="2025-05-03T23:22:55.259176" elapsed="0.046941"/>
</kw>
<arg>5x</arg>
<arg>2s</arg>
<arg>Click Element</arg>
<arg>${locator}</arg>
<doc>Runs the specified keyword and retries if it fails.</doc>
[...]
<kw name="Click Element" owner="SeleniumLibrary">
<msg time="2025-05-03T23:24:09.452606" level="INFO">Clicking element 'id:logout_sidebar_link'.</msg>
<arg>${locator}</arg>
<doc>Click the element identified by ``locator``.</doc>
<status status="PASS" start="2025-05-03T23:24:09.452452" elapsed="0.342980"/>
</kw>
<arg>5x</arg>
<arg>2s</arg>
<arg>Click Element</arg>
<arg>${locator}</arg>
<doc>Runs the specified keyword and retries if it fails.</doc>
<status status="PASS" start="2025-05-03T23:24:09.452281" elapsed="0.343437"/>
</kw>
<arg>id:logout_sidebar_link</arg>
<status status="PASS" start="2025-05-03T23:24:09.452062" elapsed="0.343790"/>
</kw>
<status status="PASS" start="2025-05-03T23:24:09.451699" elapsed="0.344212"/>
</kw>
<status status="PASS" start="2025-05-03T23:24:08.762228" elapsed="1.033724"/>
</kw>
<status status="PASS" start="2025-05-03T23:24:03.628691" elapsed="6.167726"/>
</test>
<test id="s1-t29" name="T29 Checkout Process End-to-End" line="257">
<kw name="Login with ${username} and ${password}" owner="login_page" source_name="Login with ${username} and ${password}">
<kw name="Wait Until Element Is Ready Then Input Text" owner="common_keywords">
<kw name="Wait Until Keyword Succeeds" owner="BuiltIn">
<kw name="Input Text" owner="SeleniumLibrary">
<msg time="2025-05-03T23:24:09.798236" level="INFO">Typing text 'standard_user' into text field 'id:user-name'.</msg>
<arg>${locator}</arg>
<arg>${text}</arg>
<doc>Types the given ``text`` into the text field identified by ``locator``.</doc>
<status status="PASS" start="2025-05-03T23:24:09.798064" elapsed="0.514070"/>
</kw>
<arg>5x</arg>
<arg>2s</arg>
<arg>Input Text</arg>
<arg>${locator}</arg>
<arg>${text}</arg>
<doc>Runs the specified keyword and retries if it fails.</doc>
<status status="PASS" start="2025-05-03T23:24:09.797901" elapsed="0.514390"/>
</kw>
<arg>id:user-name</arg>
<arg>${username}</arg>
<status status="PASS" start="2025-05-03T23:24:09.797669" elapsed="0.514708"/>
</kw>
<kw name="Wait Until Element Is Ready Then Input Text" owner="common_keywords">
<kw name="Wait Until Keyword Succeeds" owner="BuiltIn">
<kw name="Input Text" owner="SeleniumLibrary">
<msg time="2025-05-03T23:24:10.313219" level="INFO">Typing text 'secret_sauce' into text field 'id:password'.</msg>
<arg>${locator}</arg>
<arg>${text}</arg>
<doc>Types the given ``text`` into the text field identified by ``locator``.</doc>
<status status="PASS" start="2025-05-03T23:24:10.313042" elapsed="0.509374"/>
</kw>
<arg>5x</arg>
<arg>2s</arg>
<arg>Input Text</arg>
<arg>${locator}</arg>
<arg>${text}</arg>
<doc>Runs the specified keyword and retries if it fails.</doc>
<status status="PASS" start="2025-05-03T23:24:10.312883" elapsed="0.509758"/>
</kw>
<arg>id:password</arg>
<arg>${password}</arg>
<status status="PASS" start="2025-05-03T23:24:10.312579" elapsed="0.510277"/>
</kw>
<kw name="Click Login Button" owner="login_page">
<kw name="Wait Until Element Is Ready Then Click Element" owner="common_keywords">
<kw name="Wait Until Keyword Succeeds" owner="BuiltIn">
<kw name="Click Element" owner="SeleniumLibrary">
<msg time="2025-05-03T23:24:10.824377" level="INFO">Clicking element 'id:login-button'.</msg>
<arg>${locator}</arg>
<doc>Click the element identified by ``locator``.</doc>
<status status="PASS" start="2025-05-03T23:24:10.824222" elapsed="0.349665"/>
</kw>
<arg>5x</arg>
<arg>2s</arg>
<arg>Click Element</arg>
<arg>${locator}</arg>
<doc>Runs the specified keyword and retries if it fails.</doc>
<status status="PASS" start="2025-05-03T23:24:10.824014" elapsed="0.350000"/>
</kw>
<arg>id:login-button</arg>
<status status="PASS" start="2025-05-03T23:24:10.823525" elapsed="0.350589"/>
</kw>
<status status="PASS" start="2025-05-03T23:24:10.823102" elapsed="0.351075"/>
</kw>
<status status="PASS" start="2025-05-03T23:24:09.797366" elapsed="1.376867"/>
</kw>
<kw name="Add Product To Cart From Inventory ${name_backpack}" owner="inventory_page" source_name="Add Product To Cart From Inventory ${product_name}">
<kw name="Wait Until Element Is Ready Then Click Element" owner="common_keywords">
<kw name="Wait Until Keyword Succeeds" owner="BuiltIn">
<kw name="Click Element" owner="SeleniumLibrary">
<msg time="2025-05-03T23:24:11.175770" level="INFO">Clicking element 'xpath=//div[text()='Sauce Labs Backpack']/ancestor::div[@class='inventory_item']//button[contains(text(), 'Add to cart')]'.</msg>
<arg>${locator}</arg>
<doc>Click the element identified by ``locator``.</doc>
<status status="PASS" start="2025-05-03T23:24:11.175617" elapsed="0.340281"/>
</kw>
<arg>5x</arg>
<arg>2s</arg>
<arg>Click Element</arg>
<arg>${locator}</arg>
<doc>Runs the specified keyword and retries if it fails.</doc>
<status status="PASS" start="2025-05-03T23:24:11.175449" elapsed="0.340594"/>
</kw>
<arg>xpath=//div[text()='${product_name}']/ancestor::div[@class='inventory_item']//button[contains(text(), 'Add to cart')]</arg>
<status status="PASS" start="2025-05-03T23:24:11.175163" elapsed="0.340973"/>
</kw>
<status status="PASS" start="2025-05-03T23:24:11.174738" elapsed="0.341468"/>
</kw>
<kw name="Add Product To Cart From Inventory ${name_bikeLight}" owner="inventory_page" source_name="Add Product To Cart From Inventory ${product_name}">
<kw name="Wait Until Element Is Ready Then Click Element" owner="common_keywords">
<kw name="Wait Until Keyword Succeeds" owner="BuiltIn">
<kw name="Click Element" owner="SeleniumLibrary">
<msg time="2025-05-03T23:24:11.517638" level="INFO">Clicking element 'xpath=//div[text()='Sauce Labs Bike Light']/ancestor::div[@class='inventory_item']//button[contains(text(), 'Add to cart')]'.</msg>
<arg>${locator}</arg>
<doc>Click the element identified by ``locator``.</doc>
<status status="PASS" start="2025-05-03T23:24:11.517487" elapsed="0.340713"/>
</kw>
<arg>5x</arg>
<arg>2s</arg>
<arg>Click Element</arg>
<arg>${locator}</arg>
<doc>Runs the specified keyword and retries if it fails.</doc>
<status status="PASS" start="2025-05-03T23:24:11.517280" elapsed="0.341059"/>
</kw>
<arg>xpath=//div[text()='${product_name}']/ancestor::div[@class='inventory_item']//button[contains(text(), 'Add to cart')]</arg>
<status status="PASS" start="2025-05-03T23:24:11.517040" elapsed="0.341400"/>
</kw>
<status status="PASS" start="2025-05-03T23:24:11.516649" elapsed="0.341852"/>
</kw>
<kw name="Go To Cart" owner="inventory_page">
<kw name="Wait Until Element Is Ready Then Click Element" owner="common_keywords">
<kw name="Wait Until Keyword Succeeds" owner="BuiltIn">
<kw name="Click Element" owner="SeleniumLibrary">
<msg time="2025-05-03T23:24:11.859777" level="INFO">Clicking element 'class:shopping_cart_link'.</msg>
<arg>${locator}</arg>
<doc>Click the element identified by ``locator``.</doc>
<status status="PASS" start="2025-05-03T23:24:11.859618" elapsed="0.342689"/>
</kw>
<arg>5x</arg>
<arg>2s</arg>
<arg>Click Element</arg>
<arg>${locator}</arg>
<doc>Runs the specified keyword and retries if it fails.</doc>
<status status="PASS" start="2025-05-03T23:24:11.859434" elapsed="0.343000"/>
</kw>
<arg>class:shopping_cart_link</arg>
<status status="PASS" start="2025-05-03T23:24:11.859191" elapsed="0.343332"/>
</kw>
<status status="PASS" start="2025-05-03T23:24:11.858873" elapsed="0.343708"/>
</kw>
<kw name="Click Checkout" owner="cart_page">
<kw name="Wait Until Element Is Ready Then Click Element" owner="common_keywords">
<kw name="Wait Until Keyword Succeeds" owner="BuiltIn">
<kw name="Click Element" owner="SeleniumLibrary">
<msg time="2025-05-03T23:24:12.204062" level="INFO">Clicking element 'id:checkout'.</msg>
<arg>${locator}</arg>
<doc>Click the element identified by ``locator``.</doc>
<status status="PASS" start="2025-05-03T23:24:12.203847" elapsed="0.345085"/>
</kw>
<arg>5x</arg>
<arg>2s</arg>
<arg>Click Element</arg>
<arg>${locator}</arg>
<doc>Runs the specified keyword and retries if it fails.</doc>
<status status="PASS" start="2025-05-03T23:24:12.203689" elapsed="0.345356"/>
</kw>
<arg>id:checkout</arg>
<status status="PASS" start="2025-05-03T23:24:12.203489" elapsed="0.345666"/>
</kw>
<status status="PASS" start="2025-05-03T23:24:12.203196" elapsed="0.346041"/>
</kw>
<kw name="Fill Checkout Form" owner="checkout_page">
<kw name="Wait Until Element Is Ready Then Input Text" owner="common_keywords">
<kw name="Wait Until Keyword Succeeds" owner="BuiltIn">
<kw name="Input Text" owner="SeleniumLibrary">
<msg time="2025-05-03T23:24:12.550963" level="INFO">Typing text 'Jane' into text field 'css:[data-test="firstName"]'.</msg>
<arg>${locator}</arg>
<arg>${text}</arg>
<doc>Types the given ``text`` into the text field identified by ``locator``.</doc>
<status status="PASS" start="2025-05-03T23:24:12.550795" elapsed="0.510988"/>
</kw>
<arg>5x</arg>
<arg>2s</arg>
<arg>Input Text</arg>
<arg>${locator}</arg>
<arg>${text}</arg>
<doc>Runs the specified keyword and retries if it fails.</doc>
<status status="PASS" start="2025-05-03T23:24:12.550625" elapsed="0.511317"/>
</kw>
<arg>css:[data-test="firstName"]</arg>
<arg>${first}</arg>
<status status="PASS" start="2025-05-03T23:24:12.550387" elapsed="0.511652"/>
</kw>
<kw name="Wait Until Element Is Ready Then Input Text" owner="common_keywords">
<kw name="Wait Until Keyword Succeeds" owner="BuiltIn">
<kw name="Input Text" owner="SeleniumLibrary">
<msg time="2025-05-03T23:24:13.062813" level="INFO">Typing text 'Doe' into text field 'css:[data-test="lastName"]'.</msg>
<arg>${locator}</arg>
<arg>${text}</arg>
<doc>Types the given ``text`` into the text field identified by ``locator``.</doc>
<status status="PASS" start="2025-05-03T23:24:13.062658" elapsed="0.508282"/>
</kw>
<arg>5x</arg>
<arg>2s</arg>
<arg>Input Text</arg>
<arg>${locator}</arg>
<arg>${text}</arg>
<doc>Runs the specified keyword and retries if it fails.</doc>
<status status="PASS" start="2025-05-03T23:24:13.062499" elapsed="0.508579"/>
</kw>
<arg>css:[data-test="lastName"]</arg>
<arg>${last}</arg>
<status status="PASS" start="2025-05-03T23:24:13.062210" elapsed="0.508972"/>
</kw>
<kw name="Wait Until Element Is Ready Then Input Text" owner="common_keywords">
<kw name="Wait Until Keyword Succeeds" owner="BuiltIn">
<kw name="Input Text" owner="SeleniumLibrary">
<msg time="2025-05-03T23:24:13.572248" level="INFO">Typing text '14520' into text field 'css:[data-test="postalCode"]'.</msg>
<arg>${locator}</arg>
<arg>${text}</arg>
<doc>Types the given ``text`` into the text field identified by ``locator``.</doc>
<status status="PASS" start="2025-05-03T23:24:13.572030" elapsed="0.510692"/>
</kw>
<arg>5x</arg>
<arg>2s</arg>
<arg>Input Text</arg>
<arg>${locator}</arg>
<arg>${text}</arg>
<doc>Runs the specified keyword and retries if it fails.</doc>
<status status="PASS" start="2025-05-03T23:24:13.571822" elapsed="0.511301"/>
</kw>
<arg>css:[data-test="postalCode"]</arg>
<arg>${postal}</arg>
<status status="PASS" start="2025-05-03T23:24:13.571409" elapsed="0.511940"/>
</kw>
<arg>${first}</arg>
<arg>${last}</arg>
<arg>${zip}</arg>
<status status="PASS" start="2025-05-03T23:24:12.549788" elapsed="1.533680"/>
</kw>
<kw name="Click Finish Checkout" owner="checkout_page">
<kw name="Wait Until Element Is Ready Then Click Element" owner="common_keywords">
<kw name="Wait Until Keyword Succeeds" owner="BuiltIn">
<kw name="Click Element" owner="SeleniumLibrary">
<msg time="2025-05-03T23:24:14.084836" level="INFO">Clicking element 'css:.btn_action'.</msg>
<arg>${locator}</arg>
<doc>Click the element identified by ``locator``.</doc>
<status status="PASS" start="2025-05-03T23:24:14.084691" elapsed="0.350725"/>
</kw>
<arg>5x</arg>
<arg>2s</arg>
<arg>Click Element</arg>
<arg>${locator}</arg>
<doc>Runs the specified keyword and retries if it fails.</doc>
<status status="PASS" start="2025-05-03T23:24:14.084524" elapsed="0.351029"/>
</kw>
<arg>css:.btn_action</arg>
<status status="PASS" start="2025-05-03T23:24:14.084328" elapsed="0.351329"/>
</kw>
<status status="PASS" start="2025-05-03T23:24:14.084054" elapsed="0.351671"/>
</kw>
<kw name="Verify Redirection To Checkout Step Two" owner="checkout_page">
<kw name="Wait Until Page Contains Element Then Verify Element Text" owner="common_keywords">
<kw name="Wait Until Keyword Succeeds" owner="BuiltIn">
<kw name="Page Should Contain Element" owner="SeleniumLibrary">
<msg time="2025-05-03T23:24:14.593250" level="INFO">Current page contains element 'class:title'.</msg>
<arg>${expected_locator}</arg>
<doc>Verifies that element ``locator`` is found on the current page.</doc>
<status status="PASS" start="2025-05-03T23:24:14.437051" elapsed="0.156606"/>
</kw>
<arg>5x</arg>
<arg>2s</arg>
<arg>Page Should Contain Element</arg>
<arg>${expected_locator}</arg>
<doc>Runs the specified keyword and retries if it fails.</doc>
<status status="PASS" start="2025-05-03T23:24:14.436889" elapsed="0.156911"/>
</kw>
<kw name="Wait Until Keyword Succeeds" owner="BuiltIn">
<kw name="Element Text Should Be" owner="SeleniumLibrary">
<msg time="2025-05-03T23:24:14.594531" level="INFO">Verifying element 'class:title' contains exact text 'Checkout: Overview'.</msg>
<arg>${expected_locator}</arg>
<arg>${expected_text}</arg>
<doc>Verifies that element ``locator`` contains exact the text ``expected``.</doc>
<status status="PASS" start="2025-05-03T23:24:14.594317" elapsed="0.315093"/>
</kw>
<arg>5x</arg>
<arg>2s</arg>
<arg>Element Text Should Be</arg>
<arg>${expected_locator}</arg>
<arg>${expected_text}</arg>
<doc>Runs the specified keyword and retries if it fails.</doc>
<status status="PASS" start="2025-05-03T23:24:14.594111" elapsed="0.315440"/>
</kw>
<arg>class:title</arg>
<arg>Checkout: Overview</arg>
<status status="PASS" start="2025-05-03T23:24:14.436681" elapsed="0.472977"/>
</kw>
<status status="PASS" start="2025-05-03T23:24:14.436357" elapsed="0.473376"/>
</kw>
<kw name="Click Finish Checkout" owner="checkout_page">
<kw name="Wait Until Element Is Ready Then Click Element" owner="common_keywords">
<kw name="Wait Until Keyword Succeeds" owner="BuiltIn">
<kw name="Click Element" owner="SeleniumLibrary">
<msg time="2025-05-03T23:24:14.911109" level="INFO">Clicking element 'css:.btn_action'.</msg>
<arg>${locator}</arg>
<doc>Click the element identified by ``locator``.</doc>
<status status="PASS" start="2025-05-03T23:24:14.910914" elapsed="0.346892"/>
</kw>
<arg>5x</arg>
<arg>2s</arg>
<arg>Click Element</arg>
<arg>${locator}</arg>
<doc>Runs the specified keyword and retries if it fails.</doc>
<status status="PASS" start="2025-05-03T23:24:14.910692" elapsed="0.347247"/>
</kw>
<arg>css:.btn_action</arg>
<status status="PASS" start="2025-05-03T23:24:14.910422" elapsed="0.347613"/>
</kw>
<status status="PASS" start="2025-05-03T23:24:14.910109" elapsed="0.347991"/>
</kw>
<kw name="Verify Redirection To Order Completed" owner="checkout_page">
<kw name="Wait Until Page Contains Element Then Verify Element Text" owner="common_keywords">
<kw name="Wait Until Keyword Succeeds" owner="BuiltIn">
<kw name="Page Should Contain Element" owner="SeleniumLibrary">
<msg time="2025-05-03T23:24:15.416912" level="INFO">Current page contains element 'class:title'.</msg>
<arg>${expected_locator}</arg>
<doc>Verifies that element ``locator`` is found on the current page.</doc>
<status status="PASS" start="2025-05-03T23:24:15.259720" elapsed="0.157358"/>
</kw>
<arg>5x</arg>
<arg>2s</arg>
<arg>Page Should Contain Element</arg>
<arg>${expected_locator}</arg>
<doc>Runs the specified keyword and retries if it fails.</doc>
<status status="PASS" start="2025-05-03T23:24:15.259485" elapsed="0.157709"/>
</kw>
<kw name="Wait Until Keyword Succeeds" owner="BuiltIn">
<kw name="Element Text Should Be" owner="SeleniumLibrary">
<msg time="2025-05-03T23:24:15.418059" level="INFO">Verifying element 'class:title' contains exact text 'Checkout: Complete!'.</msg>
<arg>${expected_locator}</arg>
<arg>${expected_text}</arg>
<doc>Verifies that element ``locator`` contains exact the text ``expected``.</doc>
<status status="PASS" start="2025-05-03T23:24:15.417789" elapsed="0.313448"/>
</kw>
<arg>5x</arg>
<arg>2s</arg>
<arg>Element Text Should Be</arg>
<arg>${expected_locator}</arg>
<arg>${expected_text}</arg>
<doc>Runs the specified keyword and retries if it fails.</doc>
<status status="PASS" start="2025-05-03T23:24:15.417429" elapsed="0.314101"/>
</kw>
<arg>class:title</arg>
<arg>Checkout: Complete!</arg>
<status status="PASS" start="2025-05-03T23:24:15.259131" elapsed="0.472565"/>
</kw>
<status status="PASS" start="2025-05-03T23:24:15.258728" elapsed="0.473059"/>
</kw>
<kw name="Click Back Home" owner="checkout_page">
<kw name="Wait Until Element Is Ready Then Click Element" owner="common_keywords">
<kw name="Wait Until Keyword Succeeds" owner="BuiltIn">
<kw name="Click Element" owner="SeleniumLibrary">
<msg time="2025-05-03T23:24:15.733114" level="INFO">Clicking element 'id:back-to-products'.</msg>
<arg>${locator}</arg>
<doc>Click the element identified by ``locator``.</doc>
<status status="PASS" start="2025-05-03T23:24:15.732933" elapsed="0.356273"/>
</kw>
<arg>5x</arg>
<arg>2s</arg>
<arg>Click Element</arg>
<arg>${locator}</arg>
<doc>Runs the specified keyword and retries if it fails.</doc>
<status status="PASS" start="2025-05-03T23:24:15.732736" elapsed="0.356586"/>
</kw>
<arg>id:back-to-products</arg>
<status status="PASS" start="2025-05-03T23:24:15.732471" elapsed="0.356939"/>
</kw>
<status status="PASS" start="2025-05-03T23:24:15.732161" elapsed="0.357305"/>
</kw>
<kw name="Verify This Is Inventory Page" owner="inventory_page">
<kw name="Wait Until Page Contains Element Then Verify Element" owner="common_keywords">
<kw name="Wait Until Keyword Succeeds" owner="BuiltIn">
<kw name="Page Should Contain Element" owner="SeleniumLibrary">
<msg time="2025-05-03T23:24:16.248653" level="INFO">Current page contains element 'class:inventory_container'.</msg>
<arg>${expected_locator}</arg>
<doc>Verifies that element ``locator`` is found on the current page.</doc>
<status status="PASS" start="2025-05-03T23:24:16.090613" elapsed="0.158183"/>
</kw>
<arg>5x</arg>
<arg>2s</arg>
<arg>Page Should Contain Element</arg>
<arg>${expected_locator}</arg>
<doc>Runs the specified keyword and retries if it fails.</doc>
<status status="PASS" start="2025-05-03T23:24:16.090418" elapsed="0.158485"/>
</kw>
<arg>class:inventory_container</arg>
<status status="PASS" start="2025-05-03T23:24:16.090167" elapsed="0.158837"/>
</kw>
<status status="PASS" start="2025-05-03T23:24:16.089837" elapsed="0.159235"/>
</kw>
<status status="PASS" start="2025-05-03T23:24:09.796926" elapsed="6.452424"/>
</test>
<kw name="Close Browser" owner="common_keywords" type="TEARDOWN">
<kw name="Stop Video Recording" owner="ScreenCapLibrary">
<msg time="2025-05-03T23:24:16.279956" level="INFO" html="true">&lt;a href="recording_1.webm"&gt;&lt;video width="800px" autoplay&gt;&lt;source src="recording_1.webm" type="video/webm"&gt;&lt;/video&gt;&lt;/a&gt;</msg>
<doc>Stops the video recording corresponding to the given ``alias`` and generates the file in WebM format. If no
``alias`` is specified, the last opened recording will be closed. If there are more recordings with the same
alias all of them will be closed. If ``embed`` argument was set to
``True`` the video will be displayed in the log file.
Furthermore, if the ``save_to_disk`` parameter is set to ``False``, the video will be embedded and available in
the log file only.</doc>
<status status="PASS" start="2025-05-03T23:24:16.250450" elapsed="0.029615"/>
</kw>
<kw name="Close All Browsers" owner="SeleniumLibrary">
<doc>Closes all open browsers and resets the browser cache.</doc>
<status status="PASS" start="2025-05-03T23:24:16.280258" elapsed="2.298496"/>
</kw>
<status status="PASS" start="2025-05-03T23:24:16.250274" elapsed="2.328667"/>
</kw>
<status status="FAIL" start="2025-05-03T23:22:31.514596" elapsed="107.064391"/>
</suite>
<statistics>
<total>
<stat pass="28" fail="1" skip="0">All Tests</stat>
</total>
<tag>
</tag>
<suite>
<stat name="Saucedemo Test" id="s1" pass="28" fail="1" skip="0">Saucedemo Test</stat>
</suite>
</statistics>
<errors>
</errors>
</robot>
